<?xml version="1.0" encoding="UTF-8"?>
<testsuite name="methodtest.get.GetRunner" tests="4" skipped="0" failures="0" errors="0" timestamp="2022-04-12T03:37:19" hostname="DESKTOP-I19BP3O" time="0.908">
  <properties/>
  <testcase name="[1:8] Run a sample Api GET with background" classname="methodtest.get.GetRunner" time="0.145"/>
  <testcase name="[2:19] Run a example Api GET full url" classname="methodtest.get.GetRunner" time="0.454"/>
  <testcase name="[3:25] Run a example with Path, Params" classname="methodtest.get.GetRunner" time="0.111"/>
  <testcase name="[4:33] Run a example with assertion" classname="methodtest.get.GetRunner" time="0.197"/>
  <system-out><![CDATA[22:37:19.254 [Test worker] INFO com.intuit.karate - The value of env is:  qa 
22:37:19.256 [Test worker] DEBUG com.jayway.jsonpath.internal.path.CompiledPath - Evaluating path: $
22:37:19.272 [Test worker] DEBUG org.apache.http.client.protocol.RequestAddCookies - CookieSpec selected: karate
22:37:19.274 [Test worker] DEBUG org.apache.http.client.protocol.RequestAuthCache - Auth cache not set in the context
22:37:19.274 [Test worker] DEBUG com.intuit.karate - request:
1 > GET https://reqres.in/api/users%3Fpage=2
1 > Accept: application/json
1 > Accept-Encoding: gzip,deflate
1 > Connection: Keep-Alive
1 > Host: reqres.in
1 > User-Agent: Apache-HttpClient/4.5.12 (Java/11.0.11)

22:37:19.275 [Test worker] DEBUG org.apache.http.impl.conn.PoolingHttpClientConnectionManager - Connection request: [route: {s}->https://reqres.in:443][total available: 0; route allocated: 0 of 5; total allocated: 0 of 10]
22:37:19.275 [Test worker] DEBUG org.apache.http.impl.conn.PoolingHttpClientConnectionManager - Connection leased: [id: 2][route: {s}->https://reqres.in:443][total available: 0; route allocated: 1 of 5; total allocated: 1 of 10]
22:37:19.275 [Test worker] DEBUG org.apache.http.impl.execchain.MainClientExec - Opening connection {s}->https://reqres.in:443
22:37:19.275 [Test worker] DEBUG org.apache.http.impl.conn.DefaultHttpClientConnectionOperator - Connecting to reqres.in/172.67.222.36:443
22:37:19.275 [Test worker] DEBUG org.apache.http.conn.ssl.SSLConnectionSocketFactory - Connecting socket to reqres.in/172.67.222.36:443 with timeout 5000
22:37:19.293 [Test worker] DEBUG org.apache.http.conn.ssl.SSLConnectionSocketFactory - Enabled protocols: [TLSv1.3, TLSv1.2]
22:37:19.293 [Test worker] DEBUG org.apache.http.conn.ssl.SSLConnectionSocketFactory - Enabled cipher suites:[TLS_AES_128_GCM_SHA256, TLS_AES_256_GCM_SHA384, TLS_ECDHE_ECDSA_WITH_AES_256_GCM_SHA384, TLS_ECDHE_ECDSA_WITH_AES_128_GCM_SHA256, TLS_ECDHE_RSA_WITH_AES_256_GCM_SHA384, TLS_RSA_WITH_AES_256_GCM_SHA384, TLS_ECDH_ECDSA_WITH_AES_256_GCM_SHA384, TLS_ECDH_RSA_WITH_AES_256_GCM_SHA384, TLS_DHE_RSA_WITH_AES_256_GCM_SHA384, TLS_DHE_DSS_WITH_AES_256_GCM_SHA384, TLS_ECDHE_RSA_WITH_AES_128_GCM_SHA256, TLS_RSA_WITH_AES_128_GCM_SHA256, TLS_ECDH_ECDSA_WITH_AES_128_GCM_SHA256, TLS_ECDH_RSA_WITH_AES_128_GCM_SHA256, TLS_DHE_RSA_WITH_AES_128_GCM_SHA256, TLS_DHE_DSS_WITH_AES_128_GCM_SHA256, TLS_ECDHE_ECDSA_WITH_AES_256_CBC_SHA384, TLS_ECDHE_RSA_WITH_AES_256_CBC_SHA384, TLS_RSA_WITH_AES_256_CBC_SHA256, TLS_ECDH_ECDSA_WITH_AES_256_CBC_SHA384, TLS_ECDH_RSA_WITH_AES_256_CBC_SHA384, TLS_DHE_RSA_WITH_AES_256_CBC_SHA256, TLS_DHE_DSS_WITH_AES_256_CBC_SHA256, TLS_ECDHE_ECDSA_WITH_AES_256_CBC_SHA, TLS_ECDHE_RSA_WITH_AES_256_CBC_SHA, TLS_RSA_WITH_AES_256_CBC_SHA, TLS_ECDH_ECDSA_WITH_AES_256_CBC_SHA, TLS_ECDH_RSA_WITH_AES_256_CBC_SHA, TLS_DHE_RSA_WITH_AES_256_CBC_SHA, TLS_DHE_DSS_WITH_AES_256_CBC_SHA, TLS_ECDHE_ECDSA_WITH_AES_128_CBC_SHA256, TLS_ECDHE_RSA_WITH_AES_128_CBC_SHA256, TLS_RSA_WITH_AES_128_CBC_SHA256, TLS_ECDH_ECDSA_WITH_AES_128_CBC_SHA256, TLS_ECDH_RSA_WITH_AES_128_CBC_SHA256, TLS_DHE_RSA_WITH_AES_128_CBC_SHA256, TLS_DHE_DSS_WITH_AES_128_CBC_SHA256, TLS_ECDHE_ECDSA_WITH_AES_128_CBC_SHA, TLS_ECDHE_RSA_WITH_AES_128_CBC_SHA, TLS_RSA_WITH_AES_128_CBC_SHA, TLS_ECDH_ECDSA_WITH_AES_128_CBC_SHA, TLS_ECDH_RSA_WITH_AES_128_CBC_SHA, TLS_DHE_RSA_WITH_AES_128_CBC_SHA, TLS_DHE_DSS_WITH_AES_128_CBC_SHA, TLS_EMPTY_RENEGOTIATION_INFO_SCSV]
22:37:19.293 [Test worker] DEBUG org.apache.http.conn.ssl.SSLConnectionSocketFactory - Starting handshake
22:37:19.331 [Test worker] DEBUG org.apache.http.conn.ssl.SSLConnectionSocketFactory - Secure session established
22:37:19.332 [Test worker] DEBUG org.apache.http.conn.ssl.SSLConnectionSocketFactory -  negotiated protocol: TLSv1.3
22:37:19.332 [Test worker] DEBUG org.apache.http.conn.ssl.SSLConnectionSocketFactory -  negotiated cipher suite: TLS_AES_128_GCM_SHA256
22:37:19.332 [Test worker] DEBUG org.apache.http.conn.ssl.SSLConnectionSocketFactory -  peer principal: CN=sni.cloudflaressl.com, O="Cloudflare, Inc.", L=San Francisco, ST=California, C=US
22:37:19.332 [Test worker] DEBUG org.apache.http.conn.ssl.SSLConnectionSocketFactory -  peer alternative names: [*.reqres.in, reqres.in, sni.cloudflaressl.com]
22:37:19.332 [Test worker] DEBUG org.apache.http.conn.ssl.SSLConnectionSocketFactory -  issuer principal: CN=Cloudflare Inc ECC CA-3, O="Cloudflare, Inc.", C=US
22:37:19.332 [Test worker] DEBUG org.apache.http.impl.conn.DefaultHttpClientConnectionOperator - Connection established 192.168.0.12:57771<->172.67.222.36:443
22:37:19.332 [Test worker] DEBUG org.apache.http.impl.conn.DefaultManagedHttpClientConnection - http-outgoing-2: set socket timeout to 5000
22:37:19.332 [Test worker] DEBUG org.apache.http.impl.execchain.MainClientExec - Executing request GET /api/users%3Fpage=2 HTTP/1.1
22:37:19.332 [Test worker] DEBUG org.apache.http.impl.execchain.MainClientExec - Target auth state: UNCHALLENGED
22:37:19.332 [Test worker] DEBUG org.apache.http.impl.execchain.MainClientExec - Proxy auth state: UNCHALLENGED
22:37:19.333 [Test worker] DEBUG org.apache.http.headers - http-outgoing-2 >> GET /api/users%3Fpage=2 HTTP/1.1
22:37:19.333 [Test worker] DEBUG org.apache.http.headers - http-outgoing-2 >> Accept: application/json
22:37:19.333 [Test worker] DEBUG org.apache.http.headers - http-outgoing-2 >> Host: reqres.in
22:37:19.333 [Test worker] DEBUG org.apache.http.headers - http-outgoing-2 >> Connection: Keep-Alive
22:37:19.333 [Test worker] DEBUG org.apache.http.headers - http-outgoing-2 >> User-Agent: Apache-HttpClient/4.5.12 (Java/11.0.11)
22:37:19.333 [Test worker] DEBUG org.apache.http.headers - http-outgoing-2 >> Accept-Encoding: gzip,deflate
22:37:19.333 [Test worker] DEBUG org.apache.http.wire - http-outgoing-2 >> "GET /api/users%3Fpage=2 HTTP/1.1[\r][\n]"
22:37:19.333 [Test worker] DEBUG org.apache.http.wire - http-outgoing-2 >> "Accept: application/json[\r][\n]"
22:37:19.333 [Test worker] DEBUG org.apache.http.wire - http-outgoing-2 >> "Host: reqres.in[\r][\n]"
22:37:19.333 [Test worker] DEBUG org.apache.http.wire - http-outgoing-2 >> "Connection: Keep-Alive[\r][\n]"
22:37:19.333 [Test worker] DEBUG org.apache.http.wire - http-outgoing-2 >> "User-Agent: Apache-HttpClient/4.5.12 (Java/11.0.11)[\r][\n]"
22:37:19.333 [Test worker] DEBUG org.apache.http.wire - http-outgoing-2 >> "Accept-Encoding: gzip,deflate[\r][\n]"
22:37:19.333 [Test worker] DEBUG org.apache.http.wire - http-outgoing-2 >> "[\r][\n]"
22:37:19.364 [Test worker] DEBUG org.apache.http.wire - http-outgoing-2 << "HTTP/1.1 200 OK[\r][\n]"
22:37:19.364 [Test worker] DEBUG org.apache.http.wire - http-outgoing-2 << "Date: Tue, 12 Apr 2022 03:37:21 GMT[\r][\n]"
22:37:19.364 [Test worker] DEBUG org.apache.http.wire - http-outgoing-2 << "Content-Type: application/json; charset=utf-8[\r][\n]"
22:37:19.364 [Test worker] DEBUG org.apache.http.wire - http-outgoing-2 << "Transfer-Encoding: chunked[\r][\n]"
22:37:19.364 [Test worker] DEBUG org.apache.http.wire - http-outgoing-2 << "Connection: keep-alive[\r][\n]"
22:37:19.364 [Test worker] DEBUG org.apache.http.wire - http-outgoing-2 << "X-Powered-By: Express[\r][\n]"
22:37:19.364 [Test worker] DEBUG org.apache.http.wire - http-outgoing-2 << "Access-Control-Allow-Origin: *[\r][\n]"
22:37:19.364 [Test worker] DEBUG org.apache.http.wire - http-outgoing-2 << "Etag: W/"2c1-N6Rqerxquq2kgQhL51EiSg4x0R8"[\r][\n]"
22:37:19.364 [Test worker] DEBUG org.apache.http.wire - http-outgoing-2 << "Via: 1.1 vegur[\r][\n]"
22:37:19.364 [Test worker] DEBUG org.apache.http.wire - http-outgoing-2 << "Cache-Control: max-age=14400[\r][\n]"
22:37:19.364 [Test worker] DEBUG org.apache.http.wire - http-outgoing-2 << "CF-Cache-Status: HIT[\r][\n]"
22:37:19.364 [Test worker] DEBUG org.apache.http.wire - http-outgoing-2 << "Age: 5307[\r][\n]"
22:37:19.364 [Test worker] DEBUG org.apache.http.wire - http-outgoing-2 << "Expect-CT: max-age=604800, report-uri="https://report-uri.cloudflare.com/cdn-cgi/beacon/expect-ct"[\r][\n]"
22:37:19.364 [Test worker] DEBUG org.apache.http.wire - http-outgoing-2 << "Report-To: {"endpoints":[{"url":"https:\/\/a.nel.cloudflare.com\/report\/v3?s=WdS2Jv5pX2i%2B5qJ9c8yPjRJ7EGVdyIOmpuAc%2BikkP1j5q2AQ0%2BFpbgzLAMJQVm9t7EyDgR8V%2FCcxwRHVMYBMrjlIuv6ILf4LRlgLikndaBI5TzWQ0eizbiOO6Z8%3D"}],"group":"cf-nel","max_age":604800}[\r][\n]"
22:37:19.364 [Test worker] DEBUG org.apache.http.wire - http-outgoing-2 << "NEL: {"success_fraction":0,"report_to":"cf-nel","max_age":604800}[\r][\n]"
22:37:19.364 [Test worker] DEBUG org.apache.http.wire - http-outgoing-2 << "Vary: Accept-Encoding[\r][\n]"
22:37:19.365 [Test worker] DEBUG org.apache.http.wire - http-outgoing-2 << "Server: cloudflare[\r][\n]"
22:37:19.365 [Test worker] DEBUG org.apache.http.wire - http-outgoing-2 << "CF-RAY: 6fa8ec46acd4c216-MDE[\r][\n]"
22:37:19.365 [Test worker] DEBUG org.apache.http.wire - http-outgoing-2 << "Content-Encoding: gzip[\r][\n]"
22:37:19.365 [Test worker] DEBUG org.apache.http.wire - http-outgoing-2 << "alt-svc: h3=":443"; ma=86400, h3-29=":443"; ma=86400[\r][\n]"
22:37:19.365 [Test worker] DEBUG org.apache.http.wire - http-outgoing-2 << "[\r][\n]"
22:37:19.365 [Test worker] DEBUG org.apache.http.wire - http-outgoing-2 << "170[\r][\n]"
22:37:19.365 [Test worker] DEBUG org.apache.http.wire - http-outgoing-2 << "[0x1f][0x8b][0x8][0x0][0x0][0x0][0x0][0x0][0x0][0x3]m[0xd1][0xcd]n[0xdb]0[0xc][0x7][0xf0]W[0xd1][0xd8][0xab][0xbc]X[0xb2]l'[0xba]5Y[0xf6][0x0]Eo[0xc5]P[0xb0]6[0x9b][0x8][0xf5],[0x85][0x92][0xba][0x15]A[0xde][0xbd][0xe8][0x7]\[0x17][0xf0]M[0x82][0xf8][0xff][0x81][0x14][0xcf][0x10][0xf0]@`[0x95][0x84]@|[0xff]qi$$[0x9f]p[0x0][0xab][0xf4][0xe7][0xf1][0xfd]%[0x82][0xd5][0x12]zL[0x8][0xf6][0xee][0xc][0xae]]]>&#x7f;<![CDATA[[0xcf][0x8d][0xf8][0x97][0xc0]BG[0x9c][0x7][0xc2][0x11]$[0xbc][0x10]2X][0x96][0xa5][0x84][0xce][0xf][0x9e][0xc1][0xc2][0xd5]f[0xbd][0xd5][0xbf][0x14]H[0x8]8&?[0xd2][0xfd]3[0xe][0xf9]-[0xa8][0xea][0xc2][0x94][0xba][0x84][0x8b][0xfc] [0xf5]D>[0xe6][0xee][0x18][0x1d][\n]"
22:37:19.365 [Test worker] DEBUG org.apache.http.wire - http-outgoing-2 << "[0xf6][0x91][0xe6][0xac][0x9a][0xb1][0xbb][0xd6]Tm[0xbd][0xc4][0xb6][0x85].+5[0xb1][0xd5][0xc4]&[0xce]$[0x98][0xfa]9[0xa9]g[0xe4][0xf6][0xb7][0xda]Tz[0x89][0xdc][0x14][0xaa]i[0xcc]D[0x9a][0x89][0xc4]SF[0x11][0x9f]^[0xe6]d5#[0xdb][0xed][0xce][0xec][0xcc][0x12]i[\n]"
22:37:19.365 [Test worker] DEBUG org.apache.http.wire - http-outgoing-2 << "[0xb3]V_][0xd6]_][0xba][0x3][0xf1][0xe0][0x86]o[0xa6][0x99][0x99]{][0xaf][0xab][0xfd][0xf2][0xe4][0xca][0xd4][0xcd]d6[0x93][0xf9]0d[0x12])[0xf3]){[0xf7][0xfd]K[0xeb][0x19]\W[0xdb][0xf2]z[0xbf][0xbc][0xa9]Z[0xab][0x16].]]>&#x7f;<![CDATA[$[0xc4][0x1c][0x82][0xe7][0x4][0xf6][0xc][0x99][0x7][0xb0]pL)D[0xbb]Z1[0x9d][0x98][0xe2]O7[0xae][0xae]>k[0x8a]#a[0xef][0xc6][0x3]HH[0xf4]?[0x81][0x85][/[0x9e][0x88][0x82][0xb8][0xa1][0xd3][\r]E[0xf1][0xc8]DRt~L[0xec][0x1e]rr~[0x8c]"[0xf9]]]>&#x7f;<![CDATA[[0xc8]}[0x14][0x91][0xf8][0x99]Xt>[0xa6]([0x90]I`[0x8]L[0x9d][0xc3]D[0xfd][0xf][0xb8]\^[0x1]0[0x9f][0xa1]R[0xc1][0x2][0x0][0x0][\r][\n]"
22:37:19.366 [Test worker] DEBUG org.apache.http.headers - http-outgoing-2 << HTTP/1.1 200 OK
22:37:19.366 [Test worker] DEBUG org.apache.http.headers - http-outgoing-2 << Date: Tue, 12 Apr 2022 03:37:21 GMT
22:37:19.366 [Test worker] DEBUG org.apache.http.headers - http-outgoing-2 << Content-Type: application/json; charset=utf-8
22:37:19.366 [Test worker] DEBUG org.apache.http.headers - http-outgoing-2 << Transfer-Encoding: chunked
22:37:19.366 [Test worker] DEBUG org.apache.http.headers - http-outgoing-2 << Connection: keep-alive
22:37:19.366 [Test worker] DEBUG org.apache.http.headers - http-outgoing-2 << X-Powered-By: Express
22:37:19.366 [Test worker] DEBUG org.apache.http.headers - http-outgoing-2 << Access-Control-Allow-Origin: *
22:37:19.366 [Test worker] DEBUG org.apache.http.headers - http-outgoing-2 << Etag: W/"2c1-N6Rqerxquq2kgQhL51EiSg4x0R8"
22:37:19.366 [Test worker] DEBUG org.apache.http.headers - http-outgoing-2 << Via: 1.1 vegur
22:37:19.366 [Test worker] DEBUG org.apache.http.headers - http-outgoing-2 << Cache-Control: max-age=14400
22:37:19.366 [Test worker] DEBUG org.apache.http.headers - http-outgoing-2 << CF-Cache-Status: HIT
22:37:19.366 [Test worker] DEBUG org.apache.http.headers - http-outgoing-2 << Age: 5307
22:37:19.366 [Test worker] DEBUG org.apache.http.headers - http-outgoing-2 << Expect-CT: max-age=604800, report-uri="https://report-uri.cloudflare.com/cdn-cgi/beacon/expect-ct"
22:37:19.366 [Test worker] DEBUG org.apache.http.headers - http-outgoing-2 << Report-To: {"endpoints":[{"url":"https:\/\/a.nel.cloudflare.com\/report\/v3?s=WdS2Jv5pX2i%2B5qJ9c8yPjRJ7EGVdyIOmpuAc%2BikkP1j5q2AQ0%2BFpbgzLAMJQVm9t7EyDgR8V%2FCcxwRHVMYBMrjlIuv6ILf4LRlgLikndaBI5TzWQ0eizbiOO6Z8%3D"}],"group":"cf-nel","max_age":604800}
22:37:19.366 [Test worker] DEBUG org.apache.http.headers - http-outgoing-2 << NEL: {"success_fraction":0,"report_to":"cf-nel","max_age":604800}
22:37:19.366 [Test worker] DEBUG org.apache.http.headers - http-outgoing-2 << Vary: Accept-Encoding
22:37:19.366 [Test worker] DEBUG org.apache.http.headers - http-outgoing-2 << Server: cloudflare
22:37:19.366 [Test worker] DEBUG org.apache.http.headers - http-outgoing-2 << CF-RAY: 6fa8ec46acd4c216-MDE
22:37:19.366 [Test worker] DEBUG org.apache.http.headers - http-outgoing-2 << Content-Encoding: gzip
22:37:19.366 [Test worker] DEBUG org.apache.http.headers - http-outgoing-2 << alt-svc: h3=":443"; ma=86400, h3-29=":443"; ma=86400
22:37:19.367 [Test worker] DEBUG org.apache.http.impl.execchain.MainClientExec - Connection can be kept alive indefinitely
22:37:19.367 [Test worker] DEBUG org.apache.http.wire - http-outgoing-2 << "0[\r][\n]"
22:37:19.368 [Test worker] DEBUG org.apache.http.wire - http-outgoing-2 << "[\r][\n]"
22:37:19.368 [Test worker] DEBUG org.apache.http.impl.conn.PoolingHttpClientConnectionManager - Connection [id: 2][route: {s}->https://reqres.in:443] can be kept alive indefinitely
22:37:19.368 [Test worker] DEBUG org.apache.http.impl.conn.DefaultManagedHttpClientConnection - http-outgoing-2: set socket timeout to 0
22:37:19.368 [Test worker] DEBUG org.apache.http.impl.conn.PoolingHttpClientConnectionManager - Connection released: [id: 2][route: {s}->https://reqres.in:443][total available: 1; route allocated: 1 of 5; total allocated: 1 of 10]
22:37:19.368 [Test worker] DEBUG com.intuit.karate - response time in milliseconds: 91,66
1 < 200
1 < Access-Control-Allow-Origin: *
1 < Age: 5307
1 < CF-Cache-Status: HIT
1 < CF-RAY: 6fa8ec46acd4c216-MDE
1 < Cache-Control: max-age=14400
1 < Connection: keep-alive
1 < Content-Type: application/json; charset=utf-8
1 < Date: Tue, 12 Apr 2022 03:37:21 GMT
1 < Etag: W/"2c1-N6Rqerxquq2kgQhL51EiSg4x0R8"
1 < Expect-CT: max-age=604800, report-uri="https://report-uri.cloudflare.com/cdn-cgi/beacon/expect-ct"
1 < NEL: {"success_fraction":0,"report_to":"cf-nel","max_age":604800}
1 < Report-To: {"endpoints":[{"url":"https:\/\/a.nel.cloudflare.com\/report\/v3?s=WdS2Jv5pX2i%2B5qJ9c8yPjRJ7EGVdyIOmpuAc%2BikkP1j5q2AQ0%2BFpbgzLAMJQVm9t7EyDgR8V%2FCcxwRHVMYBMrjlIuv6ILf4LRlgLikndaBI5TzWQ0eizbiOO6Z8%3D"}],"group":"cf-nel","max_age":604800}
1 < Server: cloudflare
1 < Transfer-Encoding: chunked
1 < Vary: Accept-Encoding
1 < Via: 1.1 vegur
1 < X-Powered-By: Express
1 < alt-svc: h3=":443"; ma=86400, h3-29=":443"; ma=86400
{"page":1,"per_page":6,"total":12,"total_pages":2,"data":[{"id":1,"name":"cerulean","year":2000,"color":"#98B2D1","pantone_value":"15-4020"},{"id":2,"name":"fuchsia rose","year":2001,"color":"#C74375","pantone_value":"17-2031"},{"id":3,"name":"true red","year":2002,"color":"#BF1932","pantone_value":"19-1664"},{"id":4,"name":"aqua sky","year":2003,"color":"#7BC4C4","pantone_value":"14-4811"},{"id":5,"name":"tigerlily","year":2004,"color":"#E2583E","pantone_value":"17-1456"},{"id":6,"name":"blue turquoise","year":2005,"color":"#53B0AE","pantone_value":"15-5217"}],"support":{"url":"https://reqres.in/#support-heading","text":"To keep ReqRes free, contributions towards server costs are appreciated!"}}

22:37:19.370 [Test worker] DEBUG com.jayway.jsonpath.internal.path.CompiledPath - Evaluating path: $
22:37:19.370 [Test worker] INFO com.intuit.karate - [print] {
  "per_page": 6,
  "total": 12,
  "data": [
    {
      "color": "#98B2D1",
      "year": 2000,
      "name": "cerulean",
      "id": 1,
      "pantone_value": "15-4020"
    },
    {
      "color": "#C74375",
      "year": 2001,
      "name": "fuchsia rose",
      "id": 2,
      "pantone_value": "17-2031"
    },
    {
      "color": "#BF1932",
      "year": 2002,
      "name": "true red",
      "id": 3,
      "pantone_value": "19-1664"
    },
    {
      "color": "#7BC4C4",
      "year": 2003,
      "name": "aqua sky",
      "id": 4,
      "pantone_value": "14-4811"
    },
    {
      "color": "#E2583E",
      "year": 2004,
      "name": "tigerlily",
      "id": 5,
      "pantone_value": "17-1456"
    },
    {
      "color": "#53B0AE",
      "year": 2005,
      "name": "blue turquoise",
      "id": 6,
      "pantone_value": "15-5217"
    }
  ],
  "page": 1,
  "total_pages": 2,
  "support": {
    "text": "To keep ReqRes free, contributions towards server costs are appreciated!",
    "url": "https://reqres.in/#support-heading"
  }
}

22:37:19.371 [Test worker] INFO com.intuit.karate - [print] 200
22:37:19.373 [Test worker] INFO com.intuit.karate - [print] 92
22:37:19.374 [Test worker] DEBUG com.jayway.jsonpath.internal.path.CompiledPath - Evaluating path: $
22:37:19.377 [Test worker] INFO com.intuit.karate - [print] {
  "Date": [
    "Tue, 12 Apr 2022 03:37:21 GMT"
  ],
  "Content-Type": [
    "application/json; charset=utf-8"
  ],
  "Transfer-Encoding": [
    "chunked"
  ],
  "Connection": [
    "keep-alive"
  ],
  "X-Powered-By": [
    "Express"
  ],
  "Access-Control-Allow-Origin": [
    "*"
  ],
  "Etag": [
    "W/\"2c1-N6Rqerxquq2kgQhL51EiSg4x0R8\""
  ],
  "Via": [
    "1.1 vegur"
  ],
  "Cache-Control": [
    "max-age=14400"
  ],
  "CF-Cache-Status": [
    "HIT"
  ],
  "Age": [
    "5307"
  ],
  "Expect-CT": [
    "max-age=604800, report-uri=\"https://report-uri.cloudflare.com/cdn-cgi/beacon/expect-ct\""
  ],
  "Report-To": [
    "{\"endpoints\":[{\"url\":\"https:\\/\\/a.nel.cloudflare.com\\/report\\/v3?s=WdS2Jv5pX2i%2B5qJ9c8yPjRJ7EGVdyIOmpuAc%2BikkP1j5q2AQ0%2BFpbgzLAMJQVm9t7EyDgR8V%2FCcxwRHVMYBMrjlIuv6ILf4LRlgLikndaBI5TzWQ0eizbiOO6Z8%3D\"}],\"group\":\"cf-nel\",\"max_age\":604800}"
  ],
  "NEL": [
    "{\"success_fraction\":0,\"report_to\":\"cf-nel\",\"max_age\":604800}"
  ],
  "Vary": [
    "Accept-Encoding"
  ],
  "Server": [
    "cloudflare"
  ],
  "CF-RAY": [
    "6fa8ec46acd4c216-MDE"
  ],
  "alt-svc": [
    "h3=\":443\"; ma=86400, h3-29=\":443\"; ma=86400"
  ]
}

22:37:19.379 [Test worker] INFO com.intuit.karate - [print] 
22:37:19.393 [Test worker] INFO com.intuit.karate - The value of env is:  qa 
22:37:19.394 [Test worker] DEBUG com.jayway.jsonpath.internal.path.CompiledPath - Evaluating path: $
22:37:19.405 [Test worker] DEBUG org.apache.http.client.protocol.RequestAddCookies - CookieSpec selected: karate
22:37:19.405 [Test worker] DEBUG org.apache.http.client.protocol.RequestAuthCache - Auth cache not set in the context
22:37:19.405 [Test worker] DEBUG com.intuit.karate - request:
1 > GET https://reqres.in/api/users?page=2
1 > Accept: application/json
1 > Accept-Encoding: gzip,deflate
1 > Connection: Keep-Alive
1 > Host: reqres.in
1 > User-Agent: Apache-HttpClient/4.5.12 (Java/11.0.11)

22:37:19.406 [Test worker] DEBUG org.apache.http.impl.conn.PoolingHttpClientConnectionManager - Connection request: [route: {s}->https://reqres.in:443][total available: 0; route allocated: 0 of 5; total allocated: 0 of 10]
22:37:19.406 [Test worker] DEBUG org.apache.http.impl.conn.PoolingHttpClientConnectionManager - Connection leased: [id: 3][route: {s}->https://reqres.in:443][total available: 0; route allocated: 1 of 5; total allocated: 1 of 10]
22:37:19.406 [Test worker] DEBUG org.apache.http.impl.execchain.MainClientExec - Opening connection {s}->https://reqres.in:443
22:37:19.406 [Test worker] DEBUG org.apache.http.impl.conn.DefaultHttpClientConnectionOperator - Connecting to reqres.in/172.67.222.36:443
22:37:19.406 [Test worker] DEBUG org.apache.http.conn.ssl.SSLConnectionSocketFactory - Connecting socket to reqres.in/172.67.222.36:443 with timeout 5000
22:37:19.423 [Test worker] DEBUG org.apache.http.conn.ssl.SSLConnectionSocketFactory - Enabled protocols: [TLSv1.3, TLSv1.2]
22:37:19.423 [Test worker] DEBUG org.apache.http.conn.ssl.SSLConnectionSocketFactory - Enabled cipher suites:[TLS_AES_128_GCM_SHA256, TLS_AES_256_GCM_SHA384, TLS_ECDHE_ECDSA_WITH_AES_256_GCM_SHA384, TLS_ECDHE_ECDSA_WITH_AES_128_GCM_SHA256, TLS_ECDHE_RSA_WITH_AES_256_GCM_SHA384, TLS_RSA_WITH_AES_256_GCM_SHA384, TLS_ECDH_ECDSA_WITH_AES_256_GCM_SHA384, TLS_ECDH_RSA_WITH_AES_256_GCM_SHA384, TLS_DHE_RSA_WITH_AES_256_GCM_SHA384, TLS_DHE_DSS_WITH_AES_256_GCM_SHA384, TLS_ECDHE_RSA_WITH_AES_128_GCM_SHA256, TLS_RSA_WITH_AES_128_GCM_SHA256, TLS_ECDH_ECDSA_WITH_AES_128_GCM_SHA256, TLS_ECDH_RSA_WITH_AES_128_GCM_SHA256, TLS_DHE_RSA_WITH_AES_128_GCM_SHA256, TLS_DHE_DSS_WITH_AES_128_GCM_SHA256, TLS_ECDHE_ECDSA_WITH_AES_256_CBC_SHA384, TLS_ECDHE_RSA_WITH_AES_256_CBC_SHA384, TLS_RSA_WITH_AES_256_CBC_SHA256, TLS_ECDH_ECDSA_WITH_AES_256_CBC_SHA384, TLS_ECDH_RSA_WITH_AES_256_CBC_SHA384, TLS_DHE_RSA_WITH_AES_256_CBC_SHA256, TLS_DHE_DSS_WITH_AES_256_CBC_SHA256, TLS_ECDHE_ECDSA_WITH_AES_256_CBC_SHA, TLS_ECDHE_RSA_WITH_AES_256_CBC_SHA, TLS_RSA_WITH_AES_256_CBC_SHA, TLS_ECDH_ECDSA_WITH_AES_256_CBC_SHA, TLS_ECDH_RSA_WITH_AES_256_CBC_SHA, TLS_DHE_RSA_WITH_AES_256_CBC_SHA, TLS_DHE_DSS_WITH_AES_256_CBC_SHA, TLS_ECDHE_ECDSA_WITH_AES_128_CBC_SHA256, TLS_ECDHE_RSA_WITH_AES_128_CBC_SHA256, TLS_RSA_WITH_AES_128_CBC_SHA256, TLS_ECDH_ECDSA_WITH_AES_128_CBC_SHA256, TLS_ECDH_RSA_WITH_AES_128_CBC_SHA256, TLS_DHE_RSA_WITH_AES_128_CBC_SHA256, TLS_DHE_DSS_WITH_AES_128_CBC_SHA256, TLS_ECDHE_ECDSA_WITH_AES_128_CBC_SHA, TLS_ECDHE_RSA_WITH_AES_128_CBC_SHA, TLS_RSA_WITH_AES_128_CBC_SHA, TLS_ECDH_ECDSA_WITH_AES_128_CBC_SHA, TLS_ECDH_RSA_WITH_AES_128_CBC_SHA, TLS_DHE_RSA_WITH_AES_128_CBC_SHA, TLS_DHE_DSS_WITH_AES_128_CBC_SHA, TLS_EMPTY_RENEGOTIATION_INFO_SCSV]
22:37:19.423 [Test worker] DEBUG org.apache.http.conn.ssl.SSLConnectionSocketFactory - Starting handshake
22:37:19.456 [Test worker] DEBUG org.apache.http.conn.ssl.SSLConnectionSocketFactory - Secure session established
22:37:19.457 [Test worker] DEBUG org.apache.http.conn.ssl.SSLConnectionSocketFactory -  negotiated protocol: TLSv1.3
22:37:19.457 [Test worker] DEBUG org.apache.http.conn.ssl.SSLConnectionSocketFactory -  negotiated cipher suite: TLS_AES_128_GCM_SHA256
22:37:19.457 [Test worker] DEBUG org.apache.http.conn.ssl.SSLConnectionSocketFactory -  peer principal: CN=sni.cloudflaressl.com, O="Cloudflare, Inc.", L=San Francisco, ST=California, C=US
22:37:19.457 [Test worker] DEBUG org.apache.http.conn.ssl.SSLConnectionSocketFactory -  peer alternative names: [*.reqres.in, reqres.in, sni.cloudflaressl.com]
22:37:19.457 [Test worker] DEBUG org.apache.http.conn.ssl.SSLConnectionSocketFactory -  issuer principal: CN=Cloudflare Inc ECC CA-3, O="Cloudflare, Inc.", C=US
22:37:19.457 [Test worker] DEBUG org.apache.http.impl.conn.DefaultHttpClientConnectionOperator - Connection established 192.168.0.12:57772<->172.67.222.36:443
22:37:19.457 [Test worker] DEBUG org.apache.http.impl.conn.DefaultManagedHttpClientConnection - http-outgoing-3: set socket timeout to 5000
22:37:19.457 [Test worker] DEBUG org.apache.http.impl.execchain.MainClientExec - Executing request GET /api/users?page=2 HTTP/1.1
22:37:19.457 [Test worker] DEBUG org.apache.http.impl.execchain.MainClientExec - Target auth state: UNCHALLENGED
22:37:19.457 [Test worker] DEBUG org.apache.http.impl.execchain.MainClientExec - Proxy auth state: UNCHALLENGED
22:37:19.457 [Test worker] DEBUG org.apache.http.headers - http-outgoing-3 >> GET /api/users?page=2 HTTP/1.1
22:37:19.458 [Test worker] DEBUG org.apache.http.headers - http-outgoing-3 >> Accept: application/json
22:37:19.458 [Test worker] DEBUG org.apache.http.headers - http-outgoing-3 >> Host: reqres.in
22:37:19.458 [Test worker] DEBUG org.apache.http.headers - http-outgoing-3 >> Connection: Keep-Alive
22:37:19.458 [Test worker] DEBUG org.apache.http.headers - http-outgoing-3 >> User-Agent: Apache-HttpClient/4.5.12 (Java/11.0.11)
22:37:19.458 [Test worker] DEBUG org.apache.http.headers - http-outgoing-3 >> Accept-Encoding: gzip,deflate
22:37:19.458 [Test worker] DEBUG org.apache.http.wire - http-outgoing-3 >> "GET /api/users?page=2 HTTP/1.1[\r][\n]"
22:37:19.458 [Test worker] DEBUG org.apache.http.wire - http-outgoing-3 >> "Accept: application/json[\r][\n]"
22:37:19.458 [Test worker] DEBUG org.apache.http.wire - http-outgoing-3 >> "Host: reqres.in[\r][\n]"
22:37:19.458 [Test worker] DEBUG org.apache.http.wire - http-outgoing-3 >> "Connection: Keep-Alive[\r][\n]"
22:37:19.458 [Test worker] DEBUG org.apache.http.wire - http-outgoing-3 >> "User-Agent: Apache-HttpClient/4.5.12 (Java/11.0.11)[\r][\n]"
22:37:19.458 [Test worker] DEBUG org.apache.http.wire - http-outgoing-3 >> "Accept-Encoding: gzip,deflate[\r][\n]"
22:37:19.458 [Test worker] DEBUG org.apache.http.wire - http-outgoing-3 >> "[\r][\n]"
22:37:19.829 [Test worker] DEBUG org.apache.http.wire - http-outgoing-3 << "HTTP/1.1 200 OK[\r][\n]"
22:37:19.830 [Test worker] DEBUG org.apache.http.wire - http-outgoing-3 << "Date: Tue, 12 Apr 2022 03:37:22 GMT[\r][\n]"
22:37:19.830 [Test worker] DEBUG org.apache.http.wire - http-outgoing-3 << "Content-Type: application/json; charset=utf-8[\r][\n]"
22:37:19.830 [Test worker] DEBUG org.apache.http.wire - http-outgoing-3 << "Transfer-Encoding: chunked[\r][\n]"
22:37:19.830 [Test worker] DEBUG org.apache.http.wire - http-outgoing-3 << "Connection: keep-alive[\r][\n]"
22:37:19.830 [Test worker] DEBUG org.apache.http.wire - http-outgoing-3 << "X-Powered-By: Express[\r][\n]"
22:37:19.830 [Test worker] DEBUG org.apache.http.wire - http-outgoing-3 << "Access-Control-Allow-Origin: *[\r][\n]"
22:37:19.830 [Test worker] DEBUG org.apache.http.wire - http-outgoing-3 << "Etag: W/"406-ut0vzoCuidvyMf8arZpMpJ6ZRDw"[\r][\n]"
22:37:19.830 [Test worker] DEBUG org.apache.http.wire - http-outgoing-3 << "Via: 1.1 vegur[\r][\n]"
22:37:19.830 [Test worker] DEBUG org.apache.http.wire - http-outgoing-3 << "Cache-Control: max-age=14400[\r][\n]"
22:37:19.830 [Test worker] DEBUG org.apache.http.wire - http-outgoing-3 << "CF-Cache-Status: REVALIDATED[\r][\n]"
22:37:19.830 [Test worker] DEBUG org.apache.http.wire - http-outgoing-3 << "Expect-CT: max-age=604800, report-uri="https://report-uri.cloudflare.com/cdn-cgi/beacon/expect-ct"[\r][\n]"
22:37:19.830 [Test worker] DEBUG org.apache.http.wire - http-outgoing-3 << "Report-To: {"endpoints":[{"url":"https:\/\/a.nel.cloudflare.com\/report\/v3?s=%2BLkNu0LTiVtjsMMSYeIPGnBXOt09XtCXJugn6rmuEYgVdHcYgF%2FvRt%2FKVRjIT1NEYDHSnol8D%2BVlbXLzfDPNnLJVI%2B6Cn15NygTdEyp8AddtmZEvWd3QgQX6sCM%3D"}],"group":"cf-nel","max_age":604800}[\r][\n]"
22:37:19.830 [Test worker] DEBUG org.apache.http.wire - http-outgoing-3 << "NEL: {"success_fraction":0,"report_to":"cf-nel","max_age":604800}[\r][\n]"
22:37:19.830 [Test worker] DEBUG org.apache.http.wire - http-outgoing-3 << "Vary: Accept-Encoding[\r][\n]"
22:37:19.830 [Test worker] DEBUG org.apache.http.wire - http-outgoing-3 << "Server: cloudflare[\r][\n]"
22:37:19.830 [Test worker] DEBUG org.apache.http.wire - http-outgoing-3 << "CF-RAY: 6fa8ec477db7f89b-MDE[\r][\n]"
22:37:19.830 [Test worker] DEBUG org.apache.http.wire - http-outgoing-3 << "Content-Encoding: gzip[\r][\n]"
22:37:19.830 [Test worker] DEBUG org.apache.http.wire - http-outgoing-3 << "alt-svc: h3=":443"; ma=86400, h3-29=":443"; ma=86400[\r][\n]"
22:37:19.830 [Test worker] DEBUG org.apache.http.wire - http-outgoing-3 << "[\r][\n]"
22:37:19.830 [Test worker] DEBUG org.apache.http.wire - http-outgoing-3 << "17b[\r][\n]"
22:37:19.830 [Test worker] DEBUG org.apache.http.wire - http-outgoing-3 << "[0x1f][0x8b][0x8][0x0][0x0][0x0][0x0][0x0][0x0][0x3][0x8d][0xd2][0xcd]n[0xa3]0[0x14][0x86][0xe1][q[0xcf]l](Y[0xf4][0xc7][0xab][0xaa][0xd2][0xcc]t[0xd1]n[0xa2][0xd9]U[0xa3][0xea][0x4][0xe][0xe0][0xd6][0xd8][0xee][0xb1]i[0xa6][0x8a]r[0xef]UM4T[0x88]D[0xec][0x0][0xbf][0x1f]z[0x84][0xd8][0x81][0xc7][0x86]@[0xad]$x[0xe2][0xe7][0xe1][0xe6]RBt[0x11][\r][0xa8]bu[0xb8]L'!u[0x15]F[0x4][0xf5][0xb4][0x3]][0x81][0xba][0x92]@[0x1d]j[0x3][\n]"
22:37:19.831 [Test worker] DEBUG org.apache.http.wire - http-outgoing-3 << ":][0xb6]H&3[0xb8][\r][0xce][0xde]2[0xbd]1[0x85]L[[0x90]Pk[0xe][0xf1][0xd9]bG[0xa0][0xe0]q[0xe8]@[0x82][0xc1][0xf1][0xe9]CZ[0x81][0x4]|[0xc7][0x88][0xc][\n]"
22:37:19.831 [Test worker] DEBUG org.apache.http.wire - http-outgoing-3 << "[0xda][0x18]}Py[0xfe][0xff]E[0xb9][0xee][0x9a][0xbc][0xc6][0x92]B~u[0xae];l({[0xf1][\r][0xec][0xe5]@[0xb9][0x1e])F[0xdb]*[0xe0]GV[0x13]7[0xfd]I[0xcc][0xc3]PN0[0xbf][0xe][0xbb][0xa5][0x9c][0xeb][0x19][0xce][0xcd][0xc8][0x89]n[0xa3]1duo_[0xe9]8[0xe5]O[0xaa][0xa6][0x92][0xaf][0xcd]R[0xc6][0xcd][0xc][0xa3][0xb8][0x18][0x1d][0x9b][0xf]v6[0xab]5[0x99]*[0x1c]w[0xdc]}USF[0xda],u[0x14][0x17]s[0x90]b[0x84]4[0xe4][0xb8][0xa1][0x8c][0xaa]-[0xf2])[0xca][0xef][0xd4]M,?[0x87][0xd5]bL1[0x87]Y[0x8d][0x18][0xc6][0xb2]%[0x93][0xb5]nK[0xc6][0x1c][0xb7][0xac]S6[0xb1][0xdc][0xa7][0xd1]b[0xca][0xea];[0xe5][0xaf][0x84][0xd0]{[0xef]8[0x82][0xda]A[0xcf]fv[0xfd][0xe3][0xd0][0x9c][0xb7][0x84][0x95][0xb6][\r]H[0x88][0xf4]/[0xa6][0xff]E[0xbc][0x12]y[0xb1][0xa6][0xb7]5[0x5]Q3[0x91][0x14][0xa5][0xb3][0x91][0xf5][0xa6][0x8f][0xda][0xd9] [0xa2]K[0x9f]J[0x4][0xe2]wbQ[0xba][0x10][0x83]@&[0x81][0xde]3[0x95][0x1a]#Ug[0xb0][0xdf]]]>&#x7f;<![CDATA[[0x2][0xf6][0x16][0x88]W[0x6][0x4][0x0][0x0][\r][\n]"
22:37:19.831 [Test worker] DEBUG org.apache.http.headers - http-outgoing-3 << HTTP/1.1 200 OK
22:37:19.831 [Test worker] DEBUG org.apache.http.headers - http-outgoing-3 << Date: Tue, 12 Apr 2022 03:37:22 GMT
22:37:19.831 [Test worker] DEBUG org.apache.http.headers - http-outgoing-3 << Content-Type: application/json; charset=utf-8
22:37:19.831 [Test worker] DEBUG org.apache.http.headers - http-outgoing-3 << Transfer-Encoding: chunked
22:37:19.831 [Test worker] DEBUG org.apache.http.headers - http-outgoing-3 << Connection: keep-alive
22:37:19.831 [Test worker] DEBUG org.apache.http.headers - http-outgoing-3 << X-Powered-By: Express
22:37:19.831 [Test worker] DEBUG org.apache.http.headers - http-outgoing-3 << Access-Control-Allow-Origin: *
22:37:19.831 [Test worker] DEBUG org.apache.http.headers - http-outgoing-3 << Etag: W/"406-ut0vzoCuidvyMf8arZpMpJ6ZRDw"
22:37:19.831 [Test worker] DEBUG org.apache.http.headers - http-outgoing-3 << Via: 1.1 vegur
22:37:19.831 [Test worker] DEBUG org.apache.http.headers - http-outgoing-3 << Cache-Control: max-age=14400
22:37:19.831 [Test worker] DEBUG org.apache.http.headers - http-outgoing-3 << CF-Cache-Status: REVALIDATED
22:37:19.831 [Test worker] DEBUG org.apache.http.headers - http-outgoing-3 << Expect-CT: max-age=604800, report-uri="https://report-uri.cloudflare.com/cdn-cgi/beacon/expect-ct"
22:37:19.831 [Test worker] DEBUG org.apache.http.headers - http-outgoing-3 << Report-To: {"endpoints":[{"url":"https:\/\/a.nel.cloudflare.com\/report\/v3?s=%2BLkNu0LTiVtjsMMSYeIPGnBXOt09XtCXJugn6rmuEYgVdHcYgF%2FvRt%2FKVRjIT1NEYDHSnol8D%2BVlbXLzfDPNnLJVI%2B6Cn15NygTdEyp8AddtmZEvWd3QgQX6sCM%3D"}],"group":"cf-nel","max_age":604800}
22:37:19.831 [Test worker] DEBUG org.apache.http.headers - http-outgoing-3 << NEL: {"success_fraction":0,"report_to":"cf-nel","max_age":604800}
22:37:19.831 [Test worker] DEBUG org.apache.http.headers - http-outgoing-3 << Vary: Accept-Encoding
22:37:19.831 [Test worker] DEBUG org.apache.http.headers - http-outgoing-3 << Server: cloudflare
22:37:19.831 [Test worker] DEBUG org.apache.http.headers - http-outgoing-3 << CF-RAY: 6fa8ec477db7f89b-MDE
22:37:19.831 [Test worker] DEBUG org.apache.http.headers - http-outgoing-3 << Content-Encoding: gzip
22:37:19.831 [Test worker] DEBUG org.apache.http.headers - http-outgoing-3 << alt-svc: h3=":443"; ma=86400, h3-29=":443"; ma=86400
22:37:19.832 [Test worker] DEBUG org.apache.http.impl.execchain.MainClientExec - Connection can be kept alive indefinitely
22:37:19.832 [Test worker] DEBUG org.apache.http.wire - http-outgoing-3 << "0[\r][\n]"
22:37:19.832 [Test worker] DEBUG org.apache.http.wire - http-outgoing-3 << "[\r][\n]"
22:37:19.832 [Test worker] DEBUG org.apache.http.impl.conn.PoolingHttpClientConnectionManager - Connection [id: 3][route: {s}->https://reqres.in:443] can be kept alive indefinitely
22:37:19.832 [Test worker] DEBUG org.apache.http.impl.conn.DefaultManagedHttpClientConnection - http-outgoing-3: set socket timeout to 0
22:37:19.833 [Test worker] DEBUG org.apache.http.impl.conn.PoolingHttpClientConnectionManager - Connection released: [id: 3][route: {s}->https://reqres.in:443][total available: 1; route allocated: 1 of 5; total allocated: 1 of 10]
22:37:19.833 [Test worker] DEBUG com.intuit.karate - response time in milliseconds: 426,68
1 < 200
1 < Access-Control-Allow-Origin: *
1 < CF-Cache-Status: REVALIDATED
1 < CF-RAY: 6fa8ec477db7f89b-MDE
1 < Cache-Control: max-age=14400
1 < Connection: keep-alive
1 < Content-Type: application/json; charset=utf-8
1 < Date: Tue, 12 Apr 2022 03:37:22 GMT
1 < Etag: W/"406-ut0vzoCuidvyMf8arZpMpJ6ZRDw"
1 < Expect-CT: max-age=604800, report-uri="https://report-uri.cloudflare.com/cdn-cgi/beacon/expect-ct"
1 < NEL: {"success_fraction":0,"report_to":"cf-nel","max_age":604800}
1 < Report-To: {"endpoints":[{"url":"https:\/\/a.nel.cloudflare.com\/report\/v3?s=%2BLkNu0LTiVtjsMMSYeIPGnBXOt09XtCXJugn6rmuEYgVdHcYgF%2FvRt%2FKVRjIT1NEYDHSnol8D%2BVlbXLzfDPNnLJVI%2B6Cn15NygTdEyp8AddtmZEvWd3QgQX6sCM%3D"}],"group":"cf-nel","max_age":604800}
1 < Server: cloudflare
1 < Transfer-Encoding: chunked
1 < Vary: Accept-Encoding
1 < Via: 1.1 vegur
1 < X-Powered-By: Express
1 < alt-svc: h3=":443"; ma=86400, h3-29=":443"; ma=86400
{"page":2,"per_page":6,"total":12,"total_pages":2,"data":[{"id":7,"email":"michael.lawson@reqres.in","first_name":"Michael","last_name":"Lawson","avatar":"https://reqres.in/img/faces/7-image.jpg"},{"id":8,"email":"lindsay.ferguson@reqres.in","first_name":"Lindsay","last_name":"Ferguson","avatar":"https://reqres.in/img/faces/8-image.jpg"},{"id":9,"email":"tobias.funke@reqres.in","first_name":"Tobias","last_name":"Funke","avatar":"https://reqres.in/img/faces/9-image.jpg"},{"id":10,"email":"byron.fields@reqres.in","first_name":"Byron","last_name":"Fields","avatar":"https://reqres.in/img/faces/10-image.jpg"},{"id":11,"email":"george.edwards@reqres.in","first_name":"George","last_name":"Edwards","avatar":"https://reqres.in/img/faces/11-image.jpg"},{"id":12,"email":"rachel.howell@reqres.in","first_name":"Rachel","last_name":"Howell","avatar":"https://reqres.in/img/faces/12-image.jpg"}],"support":{"url":"https://reqres.in/#support-heading","text":"To keep ReqRes free, contributions towards server costs are appreciated!"}}

22:37:19.842 [Test worker] INFO com.intuit.karate - The value of env is:  qa 
22:37:19.843 [Test worker] DEBUG com.jayway.jsonpath.internal.path.CompiledPath - Evaluating path: $
22:37:19.851 [Test worker] DEBUG org.apache.http.client.protocol.RequestAddCookies - CookieSpec selected: karate
22:37:19.851 [Test worker] DEBUG org.apache.http.client.protocol.RequestAuthCache - Auth cache not set in the context
22:37:19.851 [Test worker] DEBUG com.intuit.karate - request:
1 > GET https://reqres.in/api/users?page=500
1 > Accept: application/json
1 > Accept-Encoding: gzip,deflate
1 > Connection: Keep-Alive
1 > Host: reqres.in
1 > User-Agent: Apache-HttpClient/4.5.12 (Java/11.0.11)

22:37:19.851 [Test worker] DEBUG org.apache.http.impl.conn.PoolingHttpClientConnectionManager - Connection request: [route: {s}->https://reqres.in:443][total available: 0; route allocated: 0 of 5; total allocated: 0 of 10]
22:37:19.852 [Test worker] DEBUG org.apache.http.impl.conn.PoolingHttpClientConnectionManager - Connection leased: [id: 4][route: {s}->https://reqres.in:443][total available: 0; route allocated: 1 of 5; total allocated: 1 of 10]
22:37:19.853 [Test worker] DEBUG org.apache.http.impl.execchain.MainClientExec - Opening connection {s}->https://reqres.in:443
22:37:19.853 [Test worker] DEBUG org.apache.http.impl.conn.DefaultHttpClientConnectionOperator - Connecting to reqres.in/172.67.222.36:443
22:37:19.853 [Test worker] DEBUG org.apache.http.conn.ssl.SSLConnectionSocketFactory - Connecting socket to reqres.in/172.67.222.36:443 with timeout 5000
22:37:19.874 [Test worker] DEBUG org.apache.http.conn.ssl.SSLConnectionSocketFactory - Enabled protocols: [TLSv1.3, TLSv1.2]
22:37:19.875 [Test worker] DEBUG org.apache.http.conn.ssl.SSLConnectionSocketFactory - Enabled cipher suites:[TLS_AES_128_GCM_SHA256, TLS_AES_256_GCM_SHA384, TLS_ECDHE_ECDSA_WITH_AES_256_GCM_SHA384, TLS_ECDHE_ECDSA_WITH_AES_128_GCM_SHA256, TLS_ECDHE_RSA_WITH_AES_256_GCM_SHA384, TLS_RSA_WITH_AES_256_GCM_SHA384, TLS_ECDH_ECDSA_WITH_AES_256_GCM_SHA384, TLS_ECDH_RSA_WITH_AES_256_GCM_SHA384, TLS_DHE_RSA_WITH_AES_256_GCM_SHA384, TLS_DHE_DSS_WITH_AES_256_GCM_SHA384, TLS_ECDHE_RSA_WITH_AES_128_GCM_SHA256, TLS_RSA_WITH_AES_128_GCM_SHA256, TLS_ECDH_ECDSA_WITH_AES_128_GCM_SHA256, TLS_ECDH_RSA_WITH_AES_128_GCM_SHA256, TLS_DHE_RSA_WITH_AES_128_GCM_SHA256, TLS_DHE_DSS_WITH_AES_128_GCM_SHA256, TLS_ECDHE_ECDSA_WITH_AES_256_CBC_SHA384, TLS_ECDHE_RSA_WITH_AES_256_CBC_SHA384, TLS_RSA_WITH_AES_256_CBC_SHA256, TLS_ECDH_ECDSA_WITH_AES_256_CBC_SHA384, TLS_ECDH_RSA_WITH_AES_256_CBC_SHA384, TLS_DHE_RSA_WITH_AES_256_CBC_SHA256, TLS_DHE_DSS_WITH_AES_256_CBC_SHA256, TLS_ECDHE_ECDSA_WITH_AES_256_CBC_SHA, TLS_ECDHE_RSA_WITH_AES_256_CBC_SHA, TLS_RSA_WITH_AES_256_CBC_SHA, TLS_ECDH_ECDSA_WITH_AES_256_CBC_SHA, TLS_ECDH_RSA_WITH_AES_256_CBC_SHA, TLS_DHE_RSA_WITH_AES_256_CBC_SHA, TLS_DHE_DSS_WITH_AES_256_CBC_SHA, TLS_ECDHE_ECDSA_WITH_AES_128_CBC_SHA256, TLS_ECDHE_RSA_WITH_AES_128_CBC_SHA256, TLS_RSA_WITH_AES_128_CBC_SHA256, TLS_ECDH_ECDSA_WITH_AES_128_CBC_SHA256, TLS_ECDH_RSA_WITH_AES_128_CBC_SHA256, TLS_DHE_RSA_WITH_AES_128_CBC_SHA256, TLS_DHE_DSS_WITH_AES_128_CBC_SHA256, TLS_ECDHE_ECDSA_WITH_AES_128_CBC_SHA, TLS_ECDHE_RSA_WITH_AES_128_CBC_SHA, TLS_RSA_WITH_AES_128_CBC_SHA, TLS_ECDH_ECDSA_WITH_AES_128_CBC_SHA, TLS_ECDH_RSA_WITH_AES_128_CBC_SHA, TLS_DHE_RSA_WITH_AES_128_CBC_SHA, TLS_DHE_DSS_WITH_AES_128_CBC_SHA, TLS_EMPTY_RENEGOTIATION_INFO_SCSV]
22:37:19.875 [Test worker] DEBUG org.apache.http.conn.ssl.SSLConnectionSocketFactory - Starting handshake
22:37:19.908 [Test worker] DEBUG org.apache.http.conn.ssl.SSLConnectionSocketFactory - Secure session established
22:37:19.908 [Test worker] DEBUG org.apache.http.conn.ssl.SSLConnectionSocketFactory -  negotiated protocol: TLSv1.3
22:37:19.908 [Test worker] DEBUG org.apache.http.conn.ssl.SSLConnectionSocketFactory -  negotiated cipher suite: TLS_AES_128_GCM_SHA256
22:37:19.908 [Test worker] DEBUG org.apache.http.conn.ssl.SSLConnectionSocketFactory -  peer principal: CN=sni.cloudflaressl.com, O="Cloudflare, Inc.", L=San Francisco, ST=California, C=US
22:37:19.908 [Test worker] DEBUG org.apache.http.conn.ssl.SSLConnectionSocketFactory -  peer alternative names: [*.reqres.in, reqres.in, sni.cloudflaressl.com]
22:37:19.908 [Test worker] DEBUG org.apache.http.conn.ssl.SSLConnectionSocketFactory -  issuer principal: CN=Cloudflare Inc ECC CA-3, O="Cloudflare, Inc.", C=US
22:37:19.908 [Test worker] DEBUG org.apache.http.impl.conn.DefaultHttpClientConnectionOperator - Connection established 192.168.0.12:57773<->172.67.222.36:443
22:37:19.908 [Test worker] DEBUG org.apache.http.impl.conn.DefaultManagedHttpClientConnection - http-outgoing-4: set socket timeout to 5000
22:37:19.909 [Test worker] DEBUG org.apache.http.impl.execchain.MainClientExec - Executing request GET /api/users?page=500 HTTP/1.1
22:37:19.909 [Test worker] DEBUG org.apache.http.impl.execchain.MainClientExec - Target auth state: UNCHALLENGED
22:37:19.909 [Test worker] DEBUG org.apache.http.impl.execchain.MainClientExec - Proxy auth state: UNCHALLENGED
22:37:19.909 [Test worker] DEBUG org.apache.http.headers - http-outgoing-4 >> GET /api/users?page=500 HTTP/1.1
22:37:19.909 [Test worker] DEBUG org.apache.http.headers - http-outgoing-4 >> Accept: application/json
22:37:19.909 [Test worker] DEBUG org.apache.http.headers - http-outgoing-4 >> Host: reqres.in
22:37:19.909 [Test worker] DEBUG org.apache.http.headers - http-outgoing-4 >> Connection: Keep-Alive
22:37:19.909 [Test worker] DEBUG org.apache.http.headers - http-outgoing-4 >> User-Agent: Apache-HttpClient/4.5.12 (Java/11.0.11)
22:37:19.909 [Test worker] DEBUG org.apache.http.headers - http-outgoing-4 >> Accept-Encoding: gzip,deflate
22:37:19.909 [Test worker] DEBUG org.apache.http.wire - http-outgoing-4 >> "GET /api/users?page=500 HTTP/1.1[\r][\n]"
22:37:19.909 [Test worker] DEBUG org.apache.http.wire - http-outgoing-4 >> "Accept: application/json[\r][\n]"
22:37:19.909 [Test worker] DEBUG org.apache.http.wire - http-outgoing-4 >> "Host: reqres.in[\r][\n]"
22:37:19.909 [Test worker] DEBUG org.apache.http.wire - http-outgoing-4 >> "Connection: Keep-Alive[\r][\n]"
22:37:19.909 [Test worker] DEBUG org.apache.http.wire - http-outgoing-4 >> "User-Agent: Apache-HttpClient/4.5.12 (Java/11.0.11)[\r][\n]"
22:37:19.909 [Test worker] DEBUG org.apache.http.wire - http-outgoing-4 >> "Accept-Encoding: gzip,deflate[\r][\n]"
22:37:19.909 [Test worker] DEBUG org.apache.http.wire - http-outgoing-4 >> "[\r][\n]"
22:37:19.939 [Test worker] DEBUG org.apache.http.wire - http-outgoing-4 << "HTTP/1.1 200 OK[\r][\n]"
22:37:19.939 [Test worker] DEBUG org.apache.http.wire - http-outgoing-4 << "Date: Tue, 12 Apr 2022 03:37:22 GMT[\r][\n]"
22:37:19.939 [Test worker] DEBUG org.apache.http.wire - http-outgoing-4 << "Content-Type: application/json; charset=utf-8[\r][\n]"
22:37:19.939 [Test worker] DEBUG org.apache.http.wire - http-outgoing-4 << "Transfer-Encoding: chunked[\r][\n]"
22:37:19.939 [Test worker] DEBUG org.apache.http.wire - http-outgoing-4 << "Connection: keep-alive[\r][\n]"
22:37:19.939 [Test worker] DEBUG org.apache.http.wire - http-outgoing-4 << "X-Powered-By: Express[\r][\n]"
22:37:19.939 [Test worker] DEBUG org.apache.http.wire - http-outgoing-4 << "Access-Control-Allow-Origin: *[\r][\n]"
22:37:19.939 [Test worker] DEBUG org.apache.http.wire - http-outgoing-4 << "Etag: W/"c7-33xgDt67AcMw5QqPTgxnXwE68Dc"[\r][\n]"
22:37:19.939 [Test worker] DEBUG org.apache.http.wire - http-outgoing-4 << "Via: 1.1 vegur[\r][\n]"
22:37:19.939 [Test worker] DEBUG org.apache.http.wire - http-outgoing-4 << "Cache-Control: max-age=14400[\r][\n]"
22:37:19.939 [Test worker] DEBUG org.apache.http.wire - http-outgoing-4 << "CF-Cache-Status: HIT[\r][\n]"
22:37:19.939 [Test worker] DEBUG org.apache.http.wire - http-outgoing-4 << "Age: 5308[\r][\n]"
22:37:19.939 [Test worker] DEBUG org.apache.http.wire - http-outgoing-4 << "Expect-CT: max-age=604800, report-uri="https://report-uri.cloudflare.com/cdn-cgi/beacon/expect-ct"[\r][\n]"
22:37:19.939 [Test worker] DEBUG org.apache.http.wire - http-outgoing-4 << "Report-To: {"endpoints":[{"url":"https:\/\/a.nel.cloudflare.com\/report\/v3?s=bls%2Fhf87YtqMn6k%2BDyXe1DDvPG3a5QP6t9pE3xz6qU0VQUDvRwDMMferO0Yb1pdfNq2c9OHi5MdFwDIhOqxARvLyL0MiHWNkUbwDexwl3VD%2B6CU6wbesvJpkE7c%3D"}],"group":"cf-nel","max_age":604800}[\r][\n]"
22:37:19.939 [Test worker] DEBUG org.apache.http.wire - http-outgoing-4 << "NEL: {"success_fraction":0,"report_to":"cf-nel","max_age":604800}[\r][\n]"
22:37:19.939 [Test worker] DEBUG org.apache.http.wire - http-outgoing-4 << "Vary: Accept-Encoding[\r][\n]"
22:37:19.939 [Test worker] DEBUG org.apache.http.wire - http-outgoing-4 << "Server: cloudflare[\r][\n]"
22:37:19.939 [Test worker] DEBUG org.apache.http.wire - http-outgoing-4 << "CF-RAY: 6fa8ec4a4f6ee790-MDE[\r][\n]"
22:37:19.939 [Test worker] DEBUG org.apache.http.wire - http-outgoing-4 << "Content-Encoding: gzip[\r][\n]"
22:37:19.939 [Test worker] DEBUG org.apache.http.wire - http-outgoing-4 << "alt-svc: h3=":443"; ma=86400, h3-29=":443"; ma=86400[\r][\n]"
22:37:19.939 [Test worker] DEBUG org.apache.http.wire - http-outgoing-4 << "[\r][\n]"
22:37:19.939 [Test worker] DEBUG org.apache.http.wire - http-outgoing-4 << "a9[\r][\n]"
22:37:19.941 [Test worker] DEBUG org.apache.http.wire - http-outgoing-4 << "[0x1f][0x8b][0x8][0x0][0x0][0x0][0x0][0x0][0x0][0x3]-[0x8a][0xc1]j[0x2]A[0x10][0x5]]]>&#x7f;<![CDATA[[0xa5]}^'[0xae][\n]"
22:37:19.941 [Test worker] DEBUG org.apache.http.wire - http-outgoing-4 << "[0xc9]a>Cr[0xb]"[0xed][0xee][0x8b][0xe][0xca][0xce][0xd8][0xdd][0xab][0x82][0xf8][0xef][0x81][0xe8][0xad][0x8a][0xaa][0x7][0x9a][0x1e][0x88][0xfc][0xb9]\&4[0xda][0xee][0xa5]_[0x9]QC[0xcf][0xc8][0xab][0xf5][0x1b][0xff][0x8b]#[0xaf][0x13][0x6][\r]E[0xfe][0xd9]&[0xf8][0xd4]Z[0xb5]@~`[0xb2]32[0x8e][0x11][0xcd]s[0xd7][0x19]/F_[0x94][0xb1][0x9b][0xbf][0x9f][0x8f]#u([0xe3][0x1][0x9][0xc1]{ [0xe3][0xbb][0xca][0x89]l[0xb2][0xe1]eC[0x97]_#[0x93][0xf4]u[0xc]+[0xfb])J[0x1d]][0xa2][0xde][0xd4][0x6][0x17][0xa7]]i[0xd2]W[0xf][0x17]5[0x8a][0xb6]f[0xec][0x8b][0x6][0x87][0x19][0x9e][0xcf]?[0xb][0xee][0xb6]^[0xc7][0x0][0x0][0x0][\r][\n]"
22:37:19.941 [Test worker] DEBUG org.apache.http.headers - http-outgoing-4 << HTTP/1.1 200 OK
22:37:19.941 [Test worker] DEBUG org.apache.http.headers - http-outgoing-4 << Date: Tue, 12 Apr 2022 03:37:22 GMT
22:37:19.941 [Test worker] DEBUG org.apache.http.headers - http-outgoing-4 << Content-Type: application/json; charset=utf-8
22:37:19.941 [Test worker] DEBUG org.apache.http.headers - http-outgoing-4 << Transfer-Encoding: chunked
22:37:19.941 [Test worker] DEBUG org.apache.http.headers - http-outgoing-4 << Connection: keep-alive
22:37:19.941 [Test worker] DEBUG org.apache.http.headers - http-outgoing-4 << X-Powered-By: Express
22:37:19.941 [Test worker] DEBUG org.apache.http.headers - http-outgoing-4 << Access-Control-Allow-Origin: *
22:37:19.941 [Test worker] DEBUG org.apache.http.headers - http-outgoing-4 << Etag: W/"c7-33xgDt67AcMw5QqPTgxnXwE68Dc"
22:37:19.941 [Test worker] DEBUG org.apache.http.headers - http-outgoing-4 << Via: 1.1 vegur
22:37:19.941 [Test worker] DEBUG org.apache.http.headers - http-outgoing-4 << Cache-Control: max-age=14400
22:37:19.941 [Test worker] DEBUG org.apache.http.headers - http-outgoing-4 << CF-Cache-Status: HIT
22:37:19.941 [Test worker] DEBUG org.apache.http.headers - http-outgoing-4 << Age: 5308
22:37:19.941 [Test worker] DEBUG org.apache.http.headers - http-outgoing-4 << Expect-CT: max-age=604800, report-uri="https://report-uri.cloudflare.com/cdn-cgi/beacon/expect-ct"
22:37:19.941 [Test worker] DEBUG org.apache.http.headers - http-outgoing-4 << Report-To: {"endpoints":[{"url":"https:\/\/a.nel.cloudflare.com\/report\/v3?s=bls%2Fhf87YtqMn6k%2BDyXe1DDvPG3a5QP6t9pE3xz6qU0VQUDvRwDMMferO0Yb1pdfNq2c9OHi5MdFwDIhOqxARvLyL0MiHWNkUbwDexwl3VD%2B6CU6wbesvJpkE7c%3D"}],"group":"cf-nel","max_age":604800}
22:37:19.942 [Test worker] DEBUG org.apache.http.headers - http-outgoing-4 << NEL: {"success_fraction":0,"report_to":"cf-nel","max_age":604800}
22:37:19.942 [Test worker] DEBUG org.apache.http.headers - http-outgoing-4 << Vary: Accept-Encoding
22:37:19.942 [Test worker] DEBUG org.apache.http.headers - http-outgoing-4 << Server: cloudflare
22:37:19.942 [Test worker] DEBUG org.apache.http.headers - http-outgoing-4 << CF-RAY: 6fa8ec4a4f6ee790-MDE
22:37:19.942 [Test worker] DEBUG org.apache.http.headers - http-outgoing-4 << Content-Encoding: gzip
22:37:19.942 [Test worker] DEBUG org.apache.http.headers - http-outgoing-4 << alt-svc: h3=":443"; ma=86400, h3-29=":443"; ma=86400
22:37:19.942 [Test worker] DEBUG org.apache.http.impl.execchain.MainClientExec - Connection can be kept alive indefinitely
22:37:19.943 [Test worker] DEBUG org.apache.http.wire - http-outgoing-4 << "0[\r][\n]"
22:37:19.943 [Test worker] DEBUG org.apache.http.wire - http-outgoing-4 << "[\r][\n]"
22:37:19.943 [Test worker] DEBUG org.apache.http.impl.conn.PoolingHttpClientConnectionManager - Connection [id: 4][route: {s}->https://reqres.in:443] can be kept alive indefinitely
22:37:19.943 [Test worker] DEBUG org.apache.http.impl.conn.DefaultManagedHttpClientConnection - http-outgoing-4: set socket timeout to 0
22:37:19.943 [Test worker] DEBUG org.apache.http.impl.conn.PoolingHttpClientConnectionManager - Connection released: [id: 4][route: {s}->https://reqres.in:443][total available: 1; route allocated: 1 of 5; total allocated: 1 of 10]
22:37:19.943 [Test worker] DEBUG com.intuit.karate - response time in milliseconds: 89,77
1 < 200
1 < Access-Control-Allow-Origin: *
1 < Age: 5308
1 < CF-Cache-Status: HIT
1 < CF-RAY: 6fa8ec4a4f6ee790-MDE
1 < Cache-Control: max-age=14400
1 < Connection: keep-alive
1 < Content-Type: application/json; charset=utf-8
1 < Date: Tue, 12 Apr 2022 03:37:22 GMT
1 < Etag: W/"c7-33xgDt67AcMw5QqPTgxnXwE68Dc"
1 < Expect-CT: max-age=604800, report-uri="https://report-uri.cloudflare.com/cdn-cgi/beacon/expect-ct"
1 < NEL: {"success_fraction":0,"report_to":"cf-nel","max_age":604800}
1 < Report-To: {"endpoints":[{"url":"https:\/\/a.nel.cloudflare.com\/report\/v3?s=bls%2Fhf87YtqMn6k%2BDyXe1DDvPG3a5QP6t9pE3xz6qU0VQUDvRwDMMferO0Yb1pdfNq2c9OHi5MdFwDIhOqxARvLyL0MiHWNkUbwDexwl3VD%2B6CU6wbesvJpkE7c%3D"}],"group":"cf-nel","max_age":604800}
1 < Server: cloudflare
1 < Transfer-Encoding: chunked
1 < Vary: Accept-Encoding
1 < Via: 1.1 vegur
1 < X-Powered-By: Express
1 < alt-svc: h3=":443"; ma=86400, h3-29=":443"; ma=86400
{"page":500,"per_page":6,"total":12,"total_pages":2,"data":[],"support":{"url":"https://reqres.in/#support-heading","text":"To keep ReqRes free, contributions towards server costs are appreciated!"}}

22:37:19.944 [Test worker] DEBUG com.jayway.jsonpath.internal.path.CompiledPath - Evaluating path: $
22:37:19.944 [Test worker] INFO com.intuit.karate - [print] {
  "per_page": 6,
  "total": 12,
  "data": [
  ],
  "page": 500,
  "total_pages": 2,
  "support": {
    "text": "To keep ReqRes free, contributions towards server costs are appreciated!",
    "url": "https://reqres.in/#support-heading"
  }
}

22:37:19.961 [Test worker] INFO com.intuit.karate - The value of env is:  qa 
22:37:19.963 [Test worker] DEBUG com.jayway.jsonpath.internal.path.CompiledPath - Evaluating path: $
22:37:19.976 [Test worker] DEBUG org.apache.http.client.protocol.RequestAddCookies - CookieSpec selected: karate
22:37:19.976 [Test worker] DEBUG org.apache.http.client.protocol.RequestAuthCache - Auth cache not set in the context
22:37:19.976 [Test worker] DEBUG com.intuit.karate - request:
1 > GET https://reqres.in/api/users?page=2
1 > Accept: application/json
1 > Accept-Encoding: gzip,deflate
1 > Connection: Keep-Alive
1 > Host: reqres.in
1 > User-Agent: Apache-HttpClient/4.5.12 (Java/11.0.11)

22:37:19.976 [Test worker] DEBUG org.apache.http.impl.conn.PoolingHttpClientConnectionManager - Connection request: [route: {s}->https://reqres.in:443][total available: 0; route allocated: 0 of 5; total allocated: 0 of 10]
22:37:19.977 [Test worker] DEBUG org.apache.http.impl.conn.PoolingHttpClientConnectionManager - Connection leased: [id: 5][route: {s}->https://reqres.in:443][total available: 0; route allocated: 1 of 5; total allocated: 1 of 10]
22:37:19.977 [Test worker] DEBUG org.apache.http.impl.execchain.MainClientExec - Opening connection {s}->https://reqres.in:443
22:37:19.977 [Test worker] DEBUG org.apache.http.impl.conn.DefaultHttpClientConnectionOperator - Connecting to reqres.in/172.67.222.36:443
22:37:19.977 [Test worker] DEBUG org.apache.http.conn.ssl.SSLConnectionSocketFactory - Connecting socket to reqres.in/172.67.222.36:443 with timeout 5000
22:37:20.002 [Test worker] DEBUG org.apache.http.conn.ssl.SSLConnectionSocketFactory - Enabled protocols: [TLSv1.3, TLSv1.2]
22:37:20.002 [Test worker] DEBUG org.apache.http.conn.ssl.SSLConnectionSocketFactory - Enabled cipher suites:[TLS_AES_128_GCM_SHA256, TLS_AES_256_GCM_SHA384, TLS_ECDHE_ECDSA_WITH_AES_256_GCM_SHA384, TLS_ECDHE_ECDSA_WITH_AES_128_GCM_SHA256, TLS_ECDHE_RSA_WITH_AES_256_GCM_SHA384, TLS_RSA_WITH_AES_256_GCM_SHA384, TLS_ECDH_ECDSA_WITH_AES_256_GCM_SHA384, TLS_ECDH_RSA_WITH_AES_256_GCM_SHA384, TLS_DHE_RSA_WITH_AES_256_GCM_SHA384, TLS_DHE_DSS_WITH_AES_256_GCM_SHA384, TLS_ECDHE_RSA_WITH_AES_128_GCM_SHA256, TLS_RSA_WITH_AES_128_GCM_SHA256, TLS_ECDH_ECDSA_WITH_AES_128_GCM_SHA256, TLS_ECDH_RSA_WITH_AES_128_GCM_SHA256, TLS_DHE_RSA_WITH_AES_128_GCM_SHA256, TLS_DHE_DSS_WITH_AES_128_GCM_SHA256, TLS_ECDHE_ECDSA_WITH_AES_256_CBC_SHA384, TLS_ECDHE_RSA_WITH_AES_256_CBC_SHA384, TLS_RSA_WITH_AES_256_CBC_SHA256, TLS_ECDH_ECDSA_WITH_AES_256_CBC_SHA384, TLS_ECDH_RSA_WITH_AES_256_CBC_SHA384, TLS_DHE_RSA_WITH_AES_256_CBC_SHA256, TLS_DHE_DSS_WITH_AES_256_CBC_SHA256, TLS_ECDHE_ECDSA_WITH_AES_256_CBC_SHA, TLS_ECDHE_RSA_WITH_AES_256_CBC_SHA, TLS_RSA_WITH_AES_256_CBC_SHA, TLS_ECDH_ECDSA_WITH_AES_256_CBC_SHA, TLS_ECDH_RSA_WITH_AES_256_CBC_SHA, TLS_DHE_RSA_WITH_AES_256_CBC_SHA, TLS_DHE_DSS_WITH_AES_256_CBC_SHA, TLS_ECDHE_ECDSA_WITH_AES_128_CBC_SHA256, TLS_ECDHE_RSA_WITH_AES_128_CBC_SHA256, TLS_RSA_WITH_AES_128_CBC_SHA256, TLS_ECDH_ECDSA_WITH_AES_128_CBC_SHA256, TLS_ECDH_RSA_WITH_AES_128_CBC_SHA256, TLS_DHE_RSA_WITH_AES_128_CBC_SHA256, TLS_DHE_DSS_WITH_AES_128_CBC_SHA256, TLS_ECDHE_ECDSA_WITH_AES_128_CBC_SHA, TLS_ECDHE_RSA_WITH_AES_128_CBC_SHA, TLS_RSA_WITH_AES_128_CBC_SHA, TLS_ECDH_ECDSA_WITH_AES_128_CBC_SHA, TLS_ECDH_RSA_WITH_AES_128_CBC_SHA, TLS_DHE_RSA_WITH_AES_128_CBC_SHA, TLS_DHE_DSS_WITH_AES_128_CBC_SHA, TLS_EMPTY_RENEGOTIATION_INFO_SCSV]
22:37:20.002 [Test worker] DEBUG org.apache.http.conn.ssl.SSLConnectionSocketFactory - Starting handshake
22:37:20.027 [Test worker] DEBUG org.apache.http.conn.ssl.SSLConnectionSocketFactory - Secure session established
22:37:20.028 [Test worker] DEBUG org.apache.http.conn.ssl.SSLConnectionSocketFactory -  negotiated protocol: TLSv1.3
22:37:20.028 [Test worker] DEBUG org.apache.http.conn.ssl.SSLConnectionSocketFactory -  negotiated cipher suite: TLS_AES_128_GCM_SHA256
22:37:20.028 [Test worker] DEBUG org.apache.http.conn.ssl.SSLConnectionSocketFactory -  peer principal: CN=sni.cloudflaressl.com, O="Cloudflare, Inc.", L=San Francisco, ST=California, C=US
22:37:20.028 [Test worker] DEBUG org.apache.http.conn.ssl.SSLConnectionSocketFactory -  peer alternative names: [*.reqres.in, reqres.in, sni.cloudflaressl.com]
22:37:20.028 [Test worker] DEBUG org.apache.http.conn.ssl.SSLConnectionSocketFactory -  issuer principal: CN=Cloudflare Inc ECC CA-3, O="Cloudflare, Inc.", C=US
22:37:20.028 [Test worker] DEBUG org.apache.http.impl.conn.DefaultHttpClientConnectionOperator - Connection established 192.168.0.12:57774<->172.67.222.36:443
22:37:20.028 [Test worker] DEBUG org.apache.http.impl.conn.DefaultManagedHttpClientConnection - http-outgoing-5: set socket timeout to 5000
22:37:20.028 [Test worker] DEBUG org.apache.http.impl.execchain.MainClientExec - Executing request GET /api/users?page=2 HTTP/1.1
22:37:20.028 [Test worker] DEBUG org.apache.http.impl.execchain.MainClientExec - Target auth state: UNCHALLENGED
22:37:20.028 [Test worker] DEBUG org.apache.http.impl.execchain.MainClientExec - Proxy auth state: UNCHALLENGED
22:37:20.028 [Test worker] DEBUG org.apache.http.headers - http-outgoing-5 >> GET /api/users?page=2 HTTP/1.1
22:37:20.028 [Test worker] DEBUG org.apache.http.headers - http-outgoing-5 >> Accept: application/json
22:37:20.028 [Test worker] DEBUG org.apache.http.headers - http-outgoing-5 >> Host: reqres.in
22:37:20.028 [Test worker] DEBUG org.apache.http.headers - http-outgoing-5 >> Connection: Keep-Alive
22:37:20.028 [Test worker] DEBUG org.apache.http.headers - http-outgoing-5 >> User-Agent: Apache-HttpClient/4.5.12 (Java/11.0.11)
22:37:20.028 [Test worker] DEBUG org.apache.http.headers - http-outgoing-5 >> Accept-Encoding: gzip,deflate
22:37:20.028 [Test worker] DEBUG org.apache.http.wire - http-outgoing-5 >> "GET /api/users?page=2 HTTP/1.1[\r][\n]"
22:37:20.028 [Test worker] DEBUG org.apache.http.wire - http-outgoing-5 >> "Accept: application/json[\r][\n]"
22:37:20.028 [Test worker] DEBUG org.apache.http.wire - http-outgoing-5 >> "Host: reqres.in[\r][\n]"
22:37:20.028 [Test worker] DEBUG org.apache.http.wire - http-outgoing-5 >> "Connection: Keep-Alive[\r][\n]"
22:37:20.028 [Test worker] DEBUG org.apache.http.wire - http-outgoing-5 >> "User-Agent: Apache-HttpClient/4.5.12 (Java/11.0.11)[\r][\n]"
22:37:20.028 [Test worker] DEBUG org.apache.http.wire - http-outgoing-5 >> "Accept-Encoding: gzip,deflate[\r][\n]"
22:37:20.029 [Test worker] DEBUG org.apache.http.wire - http-outgoing-5 >> "[\r][\n]"
22:37:20.052 [Test worker] DEBUG org.apache.http.wire - http-outgoing-5 << "HTTP/1.1 200 OK[\r][\n]"
22:37:20.052 [Test worker] DEBUG org.apache.http.wire - http-outgoing-5 << "Date: Tue, 12 Apr 2022 03:37:22 GMT[\r][\n]"
22:37:20.052 [Test worker] DEBUG org.apache.http.wire - http-outgoing-5 << "Content-Type: application/json; charset=utf-8[\r][\n]"
22:37:20.052 [Test worker] DEBUG org.apache.http.wire - http-outgoing-5 << "Transfer-Encoding: chunked[\r][\n]"
22:37:20.052 [Test worker] DEBUG org.apache.http.wire - http-outgoing-5 << "Connection: keep-alive[\r][\n]"
22:37:20.052 [Test worker] DEBUG org.apache.http.wire - http-outgoing-5 << "X-Powered-By: Express[\r][\n]"
22:37:20.052 [Test worker] DEBUG org.apache.http.wire - http-outgoing-5 << "Access-Control-Allow-Origin: *[\r][\n]"
22:37:20.052 [Test worker] DEBUG org.apache.http.wire - http-outgoing-5 << "Etag: W/"406-ut0vzoCuidvyMf8arZpMpJ6ZRDw"[\r][\n]"
22:37:20.052 [Test worker] DEBUG org.apache.http.wire - http-outgoing-5 << "Via: 1.1 vegur[\r][\n]"
22:37:20.052 [Test worker] DEBUG org.apache.http.wire - http-outgoing-5 << "Cache-Control: max-age=14400[\r][\n]"
22:37:20.053 [Test worker] DEBUG org.apache.http.wire - http-outgoing-5 << "CF-Cache-Status: HIT[\r][\n]"
22:37:20.053 [Test worker] DEBUG org.apache.http.wire - http-outgoing-5 << "Age: 0[\r][\n]"
22:37:20.053 [Test worker] DEBUG org.apache.http.wire - http-outgoing-5 << "Expect-CT: max-age=604800, report-uri="https://report-uri.cloudflare.com/cdn-cgi/beacon/expect-ct"[\r][\n]"
22:37:20.053 [Test worker] DEBUG org.apache.http.wire - http-outgoing-5 << "Report-To: {"endpoints":[{"url":"https:\/\/a.nel.cloudflare.com\/report\/v3?s=%2BNLQiFuFSICF6ZNto1FrPULDNHYHxfkMGuB3EHoRX8ZKDGxXf61kdf%2BSgQ361ej19pqqrEOIkwKIILu6K90KmR9%2FBdiMbDxFENKY5MEkS8yylKtQQBjKtOdhBHo%3D"}],"group":"cf-nel","max_age":604800}[\r][\n]"
22:37:20.053 [Test worker] DEBUG org.apache.http.wire - http-outgoing-5 << "NEL: {"success_fraction":0,"report_to":"cf-nel","max_age":604800}[\r][\n]"
22:37:20.053 [Test worker] DEBUG org.apache.http.wire - http-outgoing-5 << "Vary: Accept-Encoding[\r][\n]"
22:37:20.053 [Test worker] DEBUG org.apache.http.wire - http-outgoing-5 << "Server: cloudflare[\r][\n]"
22:37:20.053 [Test worker] DEBUG org.apache.http.wire - http-outgoing-5 << "CF-RAY: 6fa8ec4afa5ef897-MDE[\r][\n]"
22:37:20.053 [Test worker] DEBUG org.apache.http.wire - http-outgoing-5 << "Content-Encoding: gzip[\r][\n]"
22:37:20.053 [Test worker] DEBUG org.apache.http.wire - http-outgoing-5 << "alt-svc: h3=":443"; ma=86400, h3-29=":443"; ma=86400[\r][\n]"
22:37:20.053 [Test worker] DEBUG org.apache.http.wire - http-outgoing-5 << "[\r][\n]"
22:37:20.053 [Test worker] DEBUG org.apache.http.wire - http-outgoing-5 << "17b[\r][\n]"
22:37:20.053 [Test worker] DEBUG org.apache.http.wire - http-outgoing-5 << "[0x1f][0x8b][0x8][0x0][0x0][0x0][0x0][0x0][0x0][0x3][0x8d][0xd2][0xcd]n[0xa3]0[0x14][0x86][0xe1][q[0xcf]l](Y[0xf4][0xc7][0xab][0xaa][0xd2][0xcc]t[0xd1]n[0xa2][0xd9]U[0xa3][0xea][0x4][0xe][0xe0][0xd6][0xd8][0xee][0xb1]i[0xa6][0x8a]r[0xef]UM4T[0x88]D[0xec][0x0][0xbf][0x1f]z[0x84][0xd8][0x81][0xc7][0x86]@[0xad]$x[0xe2][0xe7][0xe1][0xe6]RBt[0x11][\r][0xa8]bu[0xb8]L'!u[0x15]F[0x4][0xf5][0xb4][0x3]][0x81][0xba][0x92]@[0x1d]j[0x3][\n]"
22:37:20.053 [Test worker] DEBUG org.apache.http.wire - http-outgoing-5 << ":][0xb6]H&3[0xb8][\r][0xce][0xde]2[0xbd]1[0x85]L[[0x90]Pk[0xe][0xf1][0xd9]bG[0xa0][0xe0]q[0xe8]@[0x82][0xc1][0xf1][0xe9]CZ[0x81][0x4]|[0xc7][0x88][0xc][\n]"
22:37:20.053 [Test worker] DEBUG org.apache.http.wire - http-outgoing-5 << "[0xda][0x18]}Py[0xfe][0xff]E[0xb9][0xee][0x9a][0xbc][0xc6][0x92]B~u[0xae];l({[0xf1][\r][0xec][0xe5]@[0xb9][0x1e])F[0xdb]*[0xe0]GV[0x13]7[0xfd]I[0xcc][0xc3]PN0[0xbf][0xe][0xbb][0xa5][0x9c][0xeb][0x19][0xce][0xcd][0xc8][0x89]n[0xa3]1duo_[0xe9]8[0xe5]O[0xaa][0xa6][0x92][0xaf][0xcd]R[0xc6][0xcd][0xc][0xa3][0xb8][0x18][0x1d][0x9b][0xf]v6[0xab]5[0x99]*[0x1c]w[0xdc]}USF[0xda],u[0x14][0x17]s[0x90]b[0x84]4[0xe4][0xb8][0xa1][0x8c][0xaa]-[0xf2])[0xca][0xef][0xd4]M,?[0x87][0xd5]bL1[0x87]Y[0x8d][0x18][0xc6][0xb2]%[0x93][0xb5]nK[0xc6][0x1c][0xb7][0xac]S6[0xb1][0xdc][0xa7][0xd1]b[0xca][0xea];[0xe5][0xaf][0x84][0xd0]{[0xef]8[0x82][0xda]A[0xcf]fv[0xfd][0xe3][0xd0][0x9c][0xb7][0x84][0x95][0xb6][\r]H[0x88][0xf4]/[0xa6][0xff]E[0xbc][0x12]y[0xb1][0xa6][0xb7]5[0x5]Q3[0x91][0x14][0xa5][0xb3][0x91][0xf5][0xa6][0x8f][0xda][0xd9] [0xa2]K[0x9f]J[0x4][0xe2]wbQ[0xba][0x10][0x83]@&[0x81][0xde]3[0x95][0x1a]#Ug[0xb0][0xdf]]]>&#x7f;<![CDATA[[0x2][0xf6][0x16][0x88]W[0x6][0x4][0x0][0x0][\r][\n]"
22:37:20.053 [Test worker] DEBUG org.apache.http.headers - http-outgoing-5 << HTTP/1.1 200 OK
22:37:20.053 [Test worker] DEBUG org.apache.http.headers - http-outgoing-5 << Date: Tue, 12 Apr 2022 03:37:22 GMT
22:37:20.053 [Test worker] DEBUG org.apache.http.headers - http-outgoing-5 << Content-Type: application/json; charset=utf-8
22:37:20.053 [Test worker] DEBUG org.apache.http.headers - http-outgoing-5 << Transfer-Encoding: chunked
22:37:20.053 [Test worker] DEBUG org.apache.http.headers - http-outgoing-5 << Connection: keep-alive
22:37:20.053 [Test worker] DEBUG org.apache.http.headers - http-outgoing-5 << X-Powered-By: Express
22:37:20.053 [Test worker] DEBUG org.apache.http.headers - http-outgoing-5 << Access-Control-Allow-Origin: *
22:37:20.053 [Test worker] DEBUG org.apache.http.headers - http-outgoing-5 << Etag: W/"406-ut0vzoCuidvyMf8arZpMpJ6ZRDw"
22:37:20.053 [Test worker] DEBUG org.apache.http.headers - http-outgoing-5 << Via: 1.1 vegur
22:37:20.053 [Test worker] DEBUG org.apache.http.headers - http-outgoing-5 << Cache-Control: max-age=14400
22:37:20.053 [Test worker] DEBUG org.apache.http.headers - http-outgoing-5 << CF-Cache-Status: HIT
22:37:20.055 [Test worker] DEBUG org.apache.http.headers - http-outgoing-5 << Age: 0
22:37:20.055 [Test worker] DEBUG org.apache.http.headers - http-outgoing-5 << Expect-CT: max-age=604800, report-uri="https://report-uri.cloudflare.com/cdn-cgi/beacon/expect-ct"
22:37:20.055 [Test worker] DEBUG org.apache.http.headers - http-outgoing-5 << Report-To: {"endpoints":[{"url":"https:\/\/a.nel.cloudflare.com\/report\/v3?s=%2BNLQiFuFSICF6ZNto1FrPULDNHYHxfkMGuB3EHoRX8ZKDGxXf61kdf%2BSgQ361ej19pqqrEOIkwKIILu6K90KmR9%2FBdiMbDxFENKY5MEkS8yylKtQQBjKtOdhBHo%3D"}],"group":"cf-nel","max_age":604800}
22:37:20.055 [Test worker] DEBUG org.apache.http.headers - http-outgoing-5 << NEL: {"success_fraction":0,"report_to":"cf-nel","max_age":604800}
22:37:20.055 [Test worker] DEBUG org.apache.http.headers - http-outgoing-5 << Vary: Accept-Encoding
22:37:20.055 [Test worker] DEBUG org.apache.http.headers - http-outgoing-5 << Server: cloudflare
22:37:20.055 [Test worker] DEBUG org.apache.http.headers - http-outgoing-5 << CF-RAY: 6fa8ec4afa5ef897-MDE
22:37:20.055 [Test worker] DEBUG org.apache.http.headers - http-outgoing-5 << Content-Encoding: gzip
22:37:20.055 [Test worker] DEBUG org.apache.http.headers - http-outgoing-5 << alt-svc: h3=":443"; ma=86400, h3-29=":443"; ma=86400
22:37:20.055 [Test worker] DEBUG org.apache.http.impl.execchain.MainClientExec - Connection can be kept alive indefinitely
22:37:20.056 [Test worker] DEBUG org.apache.http.wire - http-outgoing-5 << "0[\r][\n]"
22:37:20.056 [Test worker] DEBUG org.apache.http.wire - http-outgoing-5 << "[\r][\n]"
22:37:20.056 [Test worker] DEBUG org.apache.http.impl.conn.PoolingHttpClientConnectionManager - Connection [id: 5][route: {s}->https://reqres.in:443] can be kept alive indefinitely
22:37:20.056 [Test worker] DEBUG org.apache.http.impl.conn.DefaultManagedHttpClientConnection - http-outgoing-5: set socket timeout to 0
22:37:20.056 [Test worker] DEBUG org.apache.http.impl.conn.PoolingHttpClientConnectionManager - Connection released: [id: 5][route: {s}->https://reqres.in:443][total available: 1; route allocated: 1 of 5; total allocated: 1 of 10]
22:37:20.056 [Test worker] DEBUG com.intuit.karate - response time in milliseconds: 78,80
1 < 200
1 < Access-Control-Allow-Origin: *
1 < Age: 0
1 < CF-Cache-Status: HIT
1 < CF-RAY: 6fa8ec4afa5ef897-MDE
1 < Cache-Control: max-age=14400
1 < Connection: keep-alive
1 < Content-Type: application/json; charset=utf-8
1 < Date: Tue, 12 Apr 2022 03:37:22 GMT
1 < Etag: W/"406-ut0vzoCuidvyMf8arZpMpJ6ZRDw"
1 < Expect-CT: max-age=604800, report-uri="https://report-uri.cloudflare.com/cdn-cgi/beacon/expect-ct"
1 < NEL: {"success_fraction":0,"report_to":"cf-nel","max_age":604800}
1 < Report-To: {"endpoints":[{"url":"https:\/\/a.nel.cloudflare.com\/report\/v3?s=%2BNLQiFuFSICF6ZNto1FrPULDNHYHxfkMGuB3EHoRX8ZKDGxXf61kdf%2BSgQ361ej19pqqrEOIkwKIILu6K90KmR9%2FBdiMbDxFENKY5MEkS8yylKtQQBjKtOdhBHo%3D"}],"group":"cf-nel","max_age":604800}
1 < Server: cloudflare
1 < Transfer-Encoding: chunked
1 < Vary: Accept-Encoding
1 < Via: 1.1 vegur
1 < X-Powered-By: Express
1 < alt-svc: h3=":443"; ma=86400, h3-29=":443"; ma=86400
{"page":2,"per_page":6,"total":12,"total_pages":2,"data":[{"id":7,"email":"michael.lawson@reqres.in","first_name":"Michael","last_name":"Lawson","avatar":"https://reqres.in/img/faces/7-image.jpg"},{"id":8,"email":"lindsay.ferguson@reqres.in","first_name":"Lindsay","last_name":"Ferguson","avatar":"https://reqres.in/img/faces/8-image.jpg"},{"id":9,"email":"tobias.funke@reqres.in","first_name":"Tobias","last_name":"Funke","avatar":"https://reqres.in/img/faces/9-image.jpg"},{"id":10,"email":"byron.fields@reqres.in","first_name":"Byron","last_name":"Fields","avatar":"https://reqres.in/img/faces/10-image.jpg"},{"id":11,"email":"george.edwards@reqres.in","first_name":"George","last_name":"Edwards","avatar":"https://reqres.in/img/faces/11-image.jpg"},{"id":12,"email":"rachel.howell@reqres.in","first_name":"Rachel","last_name":"Howell","avatar":"https://reqres.in/img/faces/12-image.jpg"}],"support":{"url":"https://reqres.in/#support-heading","text":"To keep ReqRes free, contributions towards server costs are appreciated!"}}

22:37:20.067 [Test worker] DEBUG com.jayway.jsonpath.internal.path.CompiledPath - Evaluating path: $['data'][0]['first_name']
22:37:20.077 [Test worker] DEBUG com.jayway.jsonpath.internal.path.CompiledPath - Evaluating path: $
22:37:20.100 [Test worker] DEBUG com.jayway.jsonpath.internal.path.CompiledPath - Evaluating path: $['data'][1]['id']
22:37:20.111 [Test worker] DEBUG com.jayway.jsonpath.internal.path.CompiledPath - Evaluating path: $['data'][3]['last_name']
---------------------------------------------------------
feature: classpath:methodtest/get/Get.feature
scenarios:  4 | passed:  4 | failed:  0 | time: 0,7928
---------------------------------------------------------
]]></system-out>
  <system-err><![CDATA[]]></system-err>
</testsuite>
