<?xml version="1.0" encoding="UTF-8"?>
<testsuite name="methodtest.put.PutRunner" tests="1" skipped="0" failures="0" errors="0" timestamp="2022-04-12T03:37:22" hostname="DESKTOP-I19BP3O" time="0.451">
  <properties/>
  <testcase name="[1:3] Put Demo 1" classname="methodtest.put.PutRunner" time="0.451"/>
  <system-out><![CDATA[22:37:22.972 [Test worker] INFO com.intuit.karate - The value of env is:  qa 
22:37:22.973 [Test worker] DEBUG com.jayway.jsonpath.internal.path.CompiledPath - Evaluating path: $
22:37:22.976 [Test worker] DEBUG com.jayway.jsonpath.internal.path.CompiledPath - Evaluating path: $
22:37:22.977 [Test worker] DEBUG org.apache.http.client.protocol.RequestAddCookies - CookieSpec selected: karate
22:37:22.978 [Test worker] DEBUG org.apache.http.client.protocol.RequestAuthCache - Auth cache not set in the context
22:37:22.978 [Test worker] DEBUG com.intuit.karate - request:
1 > PUT https://reqres.in/api/users/2
1 > Accept-Encoding: gzip,deflate
1 > Connection: Keep-Alive
1 > Content-Length: 41
1 > Content-Type: application/json; charset=UTF-8
1 > Host: reqres.in
1 > User-Agent: Apache-HttpClient/4.5.12 (Java/11.0.11)
{"name":"morpheus","job":"zion resident"}

22:37:22.978 [Test worker] DEBUG org.apache.http.impl.conn.PoolingHttpClientConnectionManager - Connection request: [route: {s}->https://reqres.in:443][total available: 0; route allocated: 0 of 5; total allocated: 0 of 10]
22:37:22.978 [Test worker] DEBUG org.apache.http.impl.conn.PoolingHttpClientConnectionManager - Connection leased: [id: 12][route: {s}->https://reqres.in:443][total available: 0; route allocated: 1 of 5; total allocated: 1 of 10]
22:37:22.978 [Test worker] DEBUG org.apache.http.impl.execchain.MainClientExec - Opening connection {s}->https://reqres.in:443
22:37:22.978 [Test worker] DEBUG org.apache.http.impl.conn.DefaultHttpClientConnectionOperator - Connecting to reqres.in/172.67.222.36:443
22:37:22.978 [Test worker] DEBUG org.apache.http.conn.ssl.SSLConnectionSocketFactory - Connecting socket to reqres.in/172.67.222.36:443 with timeout 5000
22:37:23.002 [Test worker] DEBUG org.apache.http.conn.ssl.SSLConnectionSocketFactory - Enabled protocols: [TLSv1.3, TLSv1.2]
22:37:23.002 [Test worker] DEBUG org.apache.http.conn.ssl.SSLConnectionSocketFactory - Enabled cipher suites:[TLS_AES_128_GCM_SHA256, TLS_AES_256_GCM_SHA384, TLS_ECDHE_ECDSA_WITH_AES_256_GCM_SHA384, TLS_ECDHE_ECDSA_WITH_AES_128_GCM_SHA256, TLS_ECDHE_RSA_WITH_AES_256_GCM_SHA384, TLS_RSA_WITH_AES_256_GCM_SHA384, TLS_ECDH_ECDSA_WITH_AES_256_GCM_SHA384, TLS_ECDH_RSA_WITH_AES_256_GCM_SHA384, TLS_DHE_RSA_WITH_AES_256_GCM_SHA384, TLS_DHE_DSS_WITH_AES_256_GCM_SHA384, TLS_ECDHE_RSA_WITH_AES_128_GCM_SHA256, TLS_RSA_WITH_AES_128_GCM_SHA256, TLS_ECDH_ECDSA_WITH_AES_128_GCM_SHA256, TLS_ECDH_RSA_WITH_AES_128_GCM_SHA256, TLS_DHE_RSA_WITH_AES_128_GCM_SHA256, TLS_DHE_DSS_WITH_AES_128_GCM_SHA256, TLS_ECDHE_ECDSA_WITH_AES_256_CBC_SHA384, TLS_ECDHE_RSA_WITH_AES_256_CBC_SHA384, TLS_RSA_WITH_AES_256_CBC_SHA256, TLS_ECDH_ECDSA_WITH_AES_256_CBC_SHA384, TLS_ECDH_RSA_WITH_AES_256_CBC_SHA384, TLS_DHE_RSA_WITH_AES_256_CBC_SHA256, TLS_DHE_DSS_WITH_AES_256_CBC_SHA256, TLS_ECDHE_ECDSA_WITH_AES_256_CBC_SHA, TLS_ECDHE_RSA_WITH_AES_256_CBC_SHA, TLS_RSA_WITH_AES_256_CBC_SHA, TLS_ECDH_ECDSA_WITH_AES_256_CBC_SHA, TLS_ECDH_RSA_WITH_AES_256_CBC_SHA, TLS_DHE_RSA_WITH_AES_256_CBC_SHA, TLS_DHE_DSS_WITH_AES_256_CBC_SHA, TLS_ECDHE_ECDSA_WITH_AES_128_CBC_SHA256, TLS_ECDHE_RSA_WITH_AES_128_CBC_SHA256, TLS_RSA_WITH_AES_128_CBC_SHA256, TLS_ECDH_ECDSA_WITH_AES_128_CBC_SHA256, TLS_ECDH_RSA_WITH_AES_128_CBC_SHA256, TLS_DHE_RSA_WITH_AES_128_CBC_SHA256, TLS_DHE_DSS_WITH_AES_128_CBC_SHA256, TLS_ECDHE_ECDSA_WITH_AES_128_CBC_SHA, TLS_ECDHE_RSA_WITH_AES_128_CBC_SHA, TLS_RSA_WITH_AES_128_CBC_SHA, TLS_ECDH_ECDSA_WITH_AES_128_CBC_SHA, TLS_ECDH_RSA_WITH_AES_128_CBC_SHA, TLS_DHE_RSA_WITH_AES_128_CBC_SHA, TLS_DHE_DSS_WITH_AES_128_CBC_SHA, TLS_EMPTY_RENEGOTIATION_INFO_SCSV]
22:37:23.002 [Test worker] DEBUG org.apache.http.conn.ssl.SSLConnectionSocketFactory - Starting handshake
22:37:23.027 [Test worker] DEBUG org.apache.http.conn.ssl.SSLConnectionSocketFactory - Secure session established
22:37:23.028 [Test worker] DEBUG org.apache.http.conn.ssl.SSLConnectionSocketFactory -  negotiated protocol: TLSv1.3
22:37:23.028 [Test worker] DEBUG org.apache.http.conn.ssl.SSLConnectionSocketFactory -  negotiated cipher suite: TLS_AES_128_GCM_SHA256
22:37:23.028 [Test worker] DEBUG org.apache.http.conn.ssl.SSLConnectionSocketFactory -  peer principal: CN=sni.cloudflaressl.com, O="Cloudflare, Inc.", L=San Francisco, ST=California, C=US
22:37:23.028 [Test worker] DEBUG org.apache.http.conn.ssl.SSLConnectionSocketFactory -  peer alternative names: [*.reqres.in, reqres.in, sni.cloudflaressl.com]
22:37:23.028 [Test worker] DEBUG org.apache.http.conn.ssl.SSLConnectionSocketFactory -  issuer principal: CN=Cloudflare Inc ECC CA-3, O="Cloudflare, Inc.", C=US
22:37:23.028 [Test worker] DEBUG org.apache.http.impl.conn.DefaultHttpClientConnectionOperator - Connection established 192.168.0.12:57781<->172.67.222.36:443
22:37:23.028 [Test worker] DEBUG org.apache.http.impl.conn.DefaultManagedHttpClientConnection - http-outgoing-12: set socket timeout to 5000
22:37:23.028 [Test worker] DEBUG org.apache.http.impl.execchain.MainClientExec - Executing request PUT /api/users/2 HTTP/1.1
22:37:23.028 [Test worker] DEBUG org.apache.http.impl.execchain.MainClientExec - Target auth state: UNCHALLENGED
22:37:23.028 [Test worker] DEBUG org.apache.http.impl.execchain.MainClientExec - Proxy auth state: UNCHALLENGED
22:37:23.028 [Test worker] DEBUG org.apache.http.headers - http-outgoing-12 >> PUT /api/users/2 HTTP/1.1
22:37:23.028 [Test worker] DEBUG org.apache.http.headers - http-outgoing-12 >> Content-Type: application/json; charset=UTF-8
22:37:23.028 [Test worker] DEBUG org.apache.http.headers - http-outgoing-12 >> Content-Length: 41
22:37:23.028 [Test worker] DEBUG org.apache.http.headers - http-outgoing-12 >> Host: reqres.in
22:37:23.028 [Test worker] DEBUG org.apache.http.headers - http-outgoing-12 >> Connection: Keep-Alive
22:37:23.028 [Test worker] DEBUG org.apache.http.headers - http-outgoing-12 >> User-Agent: Apache-HttpClient/4.5.12 (Java/11.0.11)
22:37:23.028 [Test worker] DEBUG org.apache.http.headers - http-outgoing-12 >> Accept-Encoding: gzip,deflate
22:37:23.028 [Test worker] DEBUG org.apache.http.wire - http-outgoing-12 >> "PUT /api/users/2 HTTP/1.1[\r][\n]"
22:37:23.028 [Test worker] DEBUG org.apache.http.wire - http-outgoing-12 >> "Content-Type: application/json; charset=UTF-8[\r][\n]"
22:37:23.028 [Test worker] DEBUG org.apache.http.wire - http-outgoing-12 >> "Content-Length: 41[\r][\n]"
22:37:23.028 [Test worker] DEBUG org.apache.http.wire - http-outgoing-12 >> "Host: reqres.in[\r][\n]"
22:37:23.028 [Test worker] DEBUG org.apache.http.wire - http-outgoing-12 >> "Connection: Keep-Alive[\r][\n]"
22:37:23.028 [Test worker] DEBUG org.apache.http.wire - http-outgoing-12 >> "User-Agent: Apache-HttpClient/4.5.12 (Java/11.0.11)[\r][\n]"
22:37:23.028 [Test worker] DEBUG org.apache.http.wire - http-outgoing-12 >> "Accept-Encoding: gzip,deflate[\r][\n]"
22:37:23.028 [Test worker] DEBUG org.apache.http.wire - http-outgoing-12 >> "[\r][\n]"
22:37:23.028 [Test worker] DEBUG org.apache.http.wire - http-outgoing-12 >> "{"name":"morpheus","job":"zion resident"}"
22:37:23.392 [Test worker] DEBUG org.apache.http.wire - http-outgoing-12 << "HTTP/1.1 200 OK[\r][\n]"
22:37:23.392 [Test worker] DEBUG org.apache.http.wire - http-outgoing-12 << "Date: Tue, 12 Apr 2022 03:37:25 GMT[\r][\n]"
22:37:23.392 [Test worker] DEBUG org.apache.http.wire - http-outgoing-12 << "Content-Type: application/json; charset=utf-8[\r][\n]"
22:37:23.392 [Test worker] DEBUG org.apache.http.wire - http-outgoing-12 << "Transfer-Encoding: chunked[\r][\n]"
22:37:23.392 [Test worker] DEBUG org.apache.http.wire - http-outgoing-12 << "Connection: keep-alive[\r][\n]"
22:37:23.392 [Test worker] DEBUG org.apache.http.wire - http-outgoing-12 << "X-Powered-By: Express[\r][\n]"
22:37:23.392 [Test worker] DEBUG org.apache.http.wire - http-outgoing-12 << "Access-Control-Allow-Origin: *[\r][\n]"
22:37:23.392 [Test worker] DEBUG org.apache.http.wire - http-outgoing-12 << "Etag: W/"50-CyEAW0X+oQRSXOk2zn5t5hHMGwE"[\r][\n]"
22:37:23.392 [Test worker] DEBUG org.apache.http.wire - http-outgoing-12 << "Via: 1.1 vegur[\r][\n]"
22:37:23.392 [Test worker] DEBUG org.apache.http.wire - http-outgoing-12 << "CF-Cache-Status: DYNAMIC[\r][\n]"
22:37:23.392 [Test worker] DEBUG org.apache.http.wire - http-outgoing-12 << "Expect-CT: max-age=604800, report-uri="https://report-uri.cloudflare.com/cdn-cgi/beacon/expect-ct"[\r][\n]"
22:37:23.392 [Test worker] DEBUG org.apache.http.wire - http-outgoing-12 << "Report-To: {"endpoints":[{"url":"https:\/\/a.nel.cloudflare.com\/report\/v3?s=iVjNGeGJtLjzNok2vlLbdwocAblHnobF31dGykRDg62%2BhjzeJnG5jyRAGaRdr9VVpGs%2BV2o07DJMixJBsIYKIPOfRHVjAfb3BlVHvsdn4uq5Yfe8AHSeb%2Ft8wVY%3D"}],"group":"cf-nel","max_age":604800}[\r][\n]"
22:37:23.392 [Test worker] DEBUG org.apache.http.wire - http-outgoing-12 << "NEL: {"success_fraction":0,"report_to":"cf-nel","max_age":604800}[\r][\n]"
22:37:23.392 [Test worker] DEBUG org.apache.http.wire - http-outgoing-12 << "Vary: Accept-Encoding[\r][\n]"
22:37:23.392 [Test worker] DEBUG org.apache.http.wire - http-outgoing-12 << "Server: cloudflare[\r][\n]"
22:37:23.392 [Test worker] DEBUG org.apache.http.wire - http-outgoing-12 << "CF-RAY: 6fa8ec5dc884f89b-MDE[\r][\n]"
22:37:23.393 [Test worker] DEBUG org.apache.http.wire - http-outgoing-12 << "Content-Encoding: gzip[\r][\n]"
22:37:23.393 [Test worker] DEBUG org.apache.http.wire - http-outgoing-12 << "alt-svc: h3=":443"; ma=86400, h3-29=":443"; ma=86400[\r][\n]"
22:37:23.393 [Test worker] DEBUG org.apache.http.wire - http-outgoing-12 << "[\r][\n]"
22:37:23.393 [Test worker] DEBUG org.apache.http.wire - http-outgoing-12 << "6a[\r][\n]"
22:37:23.393 [Test worker] DEBUG org.apache.http.wire - http-outgoing-12 << "[0x1f][0x8b][0x8][0x0][0x0][0x0][0x0][0x0][0x0][0x3][0x4][0xc1]M[\n]"
22:37:23.393 [Test worker] DEBUG org.apache.http.wire - http-outgoing-12 << "[0x80] [0x10][0x6][0xd0][0xab][0xc4][0xb7][0xd6][0xb0][0xe9][0x8f]f[0xd7][0x1d]Z[0xb5]+[0x1c][0xc8]@[\r][0xd3]M[0xd1][0xdd]{[0xef]E[0xd8][0xbc][0x80][0xe1]c[0xba][0xe])7[0x14][0xce][0xb8][0x83][0xf1][0xb8][0x18][0xaa]$[0xb7][0xb3][0x12]2[0x14][0xca]e[0xb7],v[0xce]`[0x90]![0xd2][0xa6][0xd3][\r]-[0xa6][0xe5]vd[0xea][0xeb][0xa1][0x9f]V|?[0x0][0x0][0x0][0xff][0xff][0x3][0x0][0x9e]A=[0xdc]P[0x0][0x0][0x0][\r][\n]"
22:37:23.393 [Test worker] DEBUG org.apache.http.headers - http-outgoing-12 << HTTP/1.1 200 OK
22:37:23.393 [Test worker] DEBUG org.apache.http.headers - http-outgoing-12 << Date: Tue, 12 Apr 2022 03:37:25 GMT
22:37:23.393 [Test worker] DEBUG org.apache.http.headers - http-outgoing-12 << Content-Type: application/json; charset=utf-8
22:37:23.393 [Test worker] DEBUG org.apache.http.headers - http-outgoing-12 << Transfer-Encoding: chunked
22:37:23.393 [Test worker] DEBUG org.apache.http.headers - http-outgoing-12 << Connection: keep-alive
22:37:23.393 [Test worker] DEBUG org.apache.http.headers - http-outgoing-12 << X-Powered-By: Express
22:37:23.393 [Test worker] DEBUG org.apache.http.headers - http-outgoing-12 << Access-Control-Allow-Origin: *
22:37:23.393 [Test worker] DEBUG org.apache.http.headers - http-outgoing-12 << Etag: W/"50-CyEAW0X+oQRSXOk2zn5t5hHMGwE"
22:37:23.393 [Test worker] DEBUG org.apache.http.headers - http-outgoing-12 << Via: 1.1 vegur
22:37:23.393 [Test worker] DEBUG org.apache.http.headers - http-outgoing-12 << CF-Cache-Status: DYNAMIC
22:37:23.393 [Test worker] DEBUG org.apache.http.headers - http-outgoing-12 << Expect-CT: max-age=604800, report-uri="https://report-uri.cloudflare.com/cdn-cgi/beacon/expect-ct"
22:37:23.393 [Test worker] DEBUG org.apache.http.headers - http-outgoing-12 << Report-To: {"endpoints":[{"url":"https:\/\/a.nel.cloudflare.com\/report\/v3?s=iVjNGeGJtLjzNok2vlLbdwocAblHnobF31dGykRDg62%2BhjzeJnG5jyRAGaRdr9VVpGs%2BV2o07DJMixJBsIYKIPOfRHVjAfb3BlVHvsdn4uq5Yfe8AHSeb%2Ft8wVY%3D"}],"group":"cf-nel","max_age":604800}
22:37:23.393 [Test worker] DEBUG org.apache.http.headers - http-outgoing-12 << NEL: {"success_fraction":0,"report_to":"cf-nel","max_age":604800}
22:37:23.393 [Test worker] DEBUG org.apache.http.headers - http-outgoing-12 << Vary: Accept-Encoding
22:37:23.393 [Test worker] DEBUG org.apache.http.headers - http-outgoing-12 << Server: cloudflare
22:37:23.393 [Test worker] DEBUG org.apache.http.headers - http-outgoing-12 << CF-RAY: 6fa8ec5dc884f89b-MDE
22:37:23.394 [Test worker] DEBUG org.apache.http.headers - http-outgoing-12 << Content-Encoding: gzip
22:37:23.394 [Test worker] DEBUG org.apache.http.headers - http-outgoing-12 << alt-svc: h3=":443"; ma=86400, h3-29=":443"; ma=86400
22:37:23.394 [Test worker] DEBUG org.apache.http.impl.execchain.MainClientExec - Connection can be kept alive indefinitely
22:37:23.395 [Test worker] DEBUG org.apache.http.wire - http-outgoing-12 << "0[\r][\n]"
22:37:23.395 [Test worker] DEBUG org.apache.http.wire - http-outgoing-12 << "[\r][\n]"
22:37:23.395 [Test worker] DEBUG org.apache.http.impl.conn.PoolingHttpClientConnectionManager - Connection [id: 12][route: {s}->https://reqres.in:443] can be kept alive indefinitely
22:37:23.395 [Test worker] DEBUG org.apache.http.impl.conn.DefaultManagedHttpClientConnection - http-outgoing-12: set socket timeout to 0
22:37:23.395 [Test worker] DEBUG org.apache.http.impl.conn.PoolingHttpClientConnectionManager - Connection released: [id: 12][route: {s}->https://reqres.in:443][total available: 1; route allocated: 1 of 5; total allocated: 1 of 10]
22:37:23.396 [Test worker] DEBUG com.intuit.karate - response time in milliseconds: 416,32
1 < 200
1 < Access-Control-Allow-Origin: *
1 < CF-Cache-Status: DYNAMIC
1 < CF-RAY: 6fa8ec5dc884f89b-MDE
1 < Connection: keep-alive
1 < Content-Type: application/json; charset=utf-8
1 < Date: Tue, 12 Apr 2022 03:37:25 GMT
1 < Etag: W/"50-CyEAW0X+oQRSXOk2zn5t5hHMGwE"
1 < Expect-CT: max-age=604800, report-uri="https://report-uri.cloudflare.com/cdn-cgi/beacon/expect-ct"
1 < NEL: {"success_fraction":0,"report_to":"cf-nel","max_age":604800}
1 < Report-To: {"endpoints":[{"url":"https:\/\/a.nel.cloudflare.com\/report\/v3?s=iVjNGeGJtLjzNok2vlLbdwocAblHnobF31dGykRDg62%2BhjzeJnG5jyRAGaRdr9VVpGs%2BV2o07DJMixJBsIYKIPOfRHVjAfb3BlVHvsdn4uq5Yfe8AHSeb%2Ft8wVY%3D"}],"group":"cf-nel","max_age":604800}
1 < Server: cloudflare
1 < Transfer-Encoding: chunked
1 < Vary: Accept-Encoding
1 < Via: 1.1 vegur
1 < X-Powered-By: Express
1 < alt-svc: h3=":443"; ma=86400, h3-29=":443"; ma=86400
{"name":"morpheus","job":"zion resident","updatedAt":"2022-04-12T03:37:25.659Z"}

22:37:23.398 [Test worker] DEBUG com.jayway.jsonpath.internal.path.CompiledPath - Evaluating path: $
22:37:23.398 [Test worker] INFO com.intuit.karate - [print] {
  "name": "morpheus",
  "job": "zion resident",
  "updatedAt": "2022-04-12T03:37:25.659Z"
}

---------------------------------------------------------
feature: classpath:methodtest/put/Put.feature
scenarios:  1 | passed:  1 | failed:  0 | time: 0,4220
---------------------------------------------------------
]]></system-out>
  <system-err><![CDATA[]]></system-err>
</testsuite>
