<?xml version="1.0" encoding="UTF-8"?>
<testsuite name="methodtest.delete.DeleteRunner" tests="1" skipped="0" failures="0" errors="0" timestamp="2022-04-12T03:37:18" hostname="DESKTOP-I19BP3O" time="0.655">
  <properties/>
  <testcase name="[1:3] Delete Demo 1" classname="methodtest.delete.DeleteRunner" time="0.655"/>
  <system-out><![CDATA[22:37:18.551 [Test worker] INFO com.intuit.karate - The value of env is:  qa 
22:37:18.553 [Test worker] DEBUG com.jayway.jsonpath.internal.path.CompiledPath - Evaluating path: $
22:37:18.563 [Test worker] DEBUG org.apache.http.client.protocol.RequestAddCookies - CookieSpec selected: karate
22:37:18.563 [Test worker] DEBUG org.apache.http.client.protocol.RequestAuthCache - Auth cache not set in the context
22:37:18.563 [Test worker] DEBUG com.intuit.karate - request:
1 > DELETE https://reqres.in/api/users/2
1 > Accept-Encoding: gzip,deflate
1 > Connection: Keep-Alive
1 > Host: reqres.in
1 > User-Agent: Apache-HttpClient/4.5.12 (Java/11.0.11)

22:37:18.564 [Test worker] DEBUG org.apache.http.impl.conn.PoolingHttpClientConnectionManager - Connection request: [route: {s}->https://reqres.in:443][total available: 0; route allocated: 0 of 5; total allocated: 0 of 10]
22:37:18.564 [Test worker] DEBUG org.apache.http.impl.conn.PoolingHttpClientConnectionManager - Connection leased: [id: 1][route: {s}->https://reqres.in:443][total available: 0; route allocated: 1 of 5; total allocated: 1 of 10]
22:37:18.564 [Test worker] DEBUG org.apache.http.impl.execchain.MainClientExec - Opening connection {s}->https://reqres.in:443
22:37:18.565 [Test worker] DEBUG org.apache.http.impl.conn.DefaultHttpClientConnectionOperator - Connecting to reqres.in/172.67.222.36:443
22:37:18.565 [Test worker] DEBUG org.apache.http.conn.ssl.SSLConnectionSocketFactory - Connecting socket to reqres.in/172.67.222.36:443 with timeout 5000
22:37:18.584 [Test worker] DEBUG org.apache.http.conn.ssl.SSLConnectionSocketFactory - Enabled protocols: [TLSv1.3, TLSv1.2]
22:37:18.584 [Test worker] DEBUG org.apache.http.conn.ssl.SSLConnectionSocketFactory - Enabled cipher suites:[TLS_AES_128_GCM_SHA256, TLS_AES_256_GCM_SHA384, TLS_ECDHE_ECDSA_WITH_AES_256_GCM_SHA384, TLS_ECDHE_ECDSA_WITH_AES_128_GCM_SHA256, TLS_ECDHE_RSA_WITH_AES_256_GCM_SHA384, TLS_RSA_WITH_AES_256_GCM_SHA384, TLS_ECDH_ECDSA_WITH_AES_256_GCM_SHA384, TLS_ECDH_RSA_WITH_AES_256_GCM_SHA384, TLS_DHE_RSA_WITH_AES_256_GCM_SHA384, TLS_DHE_DSS_WITH_AES_256_GCM_SHA384, TLS_ECDHE_RSA_WITH_AES_128_GCM_SHA256, TLS_RSA_WITH_AES_128_GCM_SHA256, TLS_ECDH_ECDSA_WITH_AES_128_GCM_SHA256, TLS_ECDH_RSA_WITH_AES_128_GCM_SHA256, TLS_DHE_RSA_WITH_AES_128_GCM_SHA256, TLS_DHE_DSS_WITH_AES_128_GCM_SHA256, TLS_ECDHE_ECDSA_WITH_AES_256_CBC_SHA384, TLS_ECDHE_RSA_WITH_AES_256_CBC_SHA384, TLS_RSA_WITH_AES_256_CBC_SHA256, TLS_ECDH_ECDSA_WITH_AES_256_CBC_SHA384, TLS_ECDH_RSA_WITH_AES_256_CBC_SHA384, TLS_DHE_RSA_WITH_AES_256_CBC_SHA256, TLS_DHE_DSS_WITH_AES_256_CBC_SHA256, TLS_ECDHE_ECDSA_WITH_AES_256_CBC_SHA, TLS_ECDHE_RSA_WITH_AES_256_CBC_SHA, TLS_RSA_WITH_AES_256_CBC_SHA, TLS_ECDH_ECDSA_WITH_AES_256_CBC_SHA, TLS_ECDH_RSA_WITH_AES_256_CBC_SHA, TLS_DHE_RSA_WITH_AES_256_CBC_SHA, TLS_DHE_DSS_WITH_AES_256_CBC_SHA, TLS_ECDHE_ECDSA_WITH_AES_128_CBC_SHA256, TLS_ECDHE_RSA_WITH_AES_128_CBC_SHA256, TLS_RSA_WITH_AES_128_CBC_SHA256, TLS_ECDH_ECDSA_WITH_AES_128_CBC_SHA256, TLS_ECDH_RSA_WITH_AES_128_CBC_SHA256, TLS_DHE_RSA_WITH_AES_128_CBC_SHA256, TLS_DHE_DSS_WITH_AES_128_CBC_SHA256, TLS_ECDHE_ECDSA_WITH_AES_128_CBC_SHA, TLS_ECDHE_RSA_WITH_AES_128_CBC_SHA, TLS_RSA_WITH_AES_128_CBC_SHA, TLS_ECDH_ECDSA_WITH_AES_128_CBC_SHA, TLS_ECDH_RSA_WITH_AES_128_CBC_SHA, TLS_DHE_RSA_WITH_AES_128_CBC_SHA, TLS_DHE_DSS_WITH_AES_128_CBC_SHA, TLS_EMPTY_RENEGOTIATION_INFO_SCSV]
22:37:18.585 [Test worker] DEBUG org.apache.http.conn.ssl.SSLConnectionSocketFactory - Starting handshake
22:37:18.625 [Test worker] DEBUG org.apache.http.conn.ssl.SSLConnectionSocketFactory - Secure session established
22:37:18.626 [Test worker] DEBUG org.apache.http.conn.ssl.SSLConnectionSocketFactory -  negotiated protocol: TLSv1.3
22:37:18.626 [Test worker] DEBUG org.apache.http.conn.ssl.SSLConnectionSocketFactory -  negotiated cipher suite: TLS_AES_128_GCM_SHA256
22:37:18.626 [Test worker] DEBUG org.apache.http.conn.ssl.SSLConnectionSocketFactory -  peer principal: CN=sni.cloudflaressl.com, O="Cloudflare, Inc.", L=San Francisco, ST=California, C=US
22:37:18.626 [Test worker] DEBUG org.apache.http.conn.ssl.SSLConnectionSocketFactory -  peer alternative names: [*.reqres.in, reqres.in, sni.cloudflaressl.com]
22:37:18.626 [Test worker] DEBUG org.apache.http.conn.ssl.SSLConnectionSocketFactory -  issuer principal: CN=Cloudflare Inc ECC CA-3, O="Cloudflare, Inc.", C=US
22:37:18.626 [Test worker] DEBUG org.apache.http.impl.conn.DefaultHttpClientConnectionOperator - Connection established 192.168.0.12:57770<->172.67.222.36:443
22:37:18.626 [Test worker] DEBUG org.apache.http.impl.conn.DefaultManagedHttpClientConnection - http-outgoing-1: set socket timeout to 5000
22:37:18.626 [Test worker] DEBUG org.apache.http.impl.execchain.MainClientExec - Executing request DELETE /api/users/2 HTTP/1.1
22:37:18.626 [Test worker] DEBUG org.apache.http.impl.execchain.MainClientExec - Target auth state: UNCHALLENGED
22:37:18.626 [Test worker] DEBUG org.apache.http.impl.execchain.MainClientExec - Proxy auth state: UNCHALLENGED
22:37:18.627 [Test worker] DEBUG org.apache.http.headers - http-outgoing-1 >> DELETE /api/users/2 HTTP/1.1
22:37:18.627 [Test worker] DEBUG org.apache.http.headers - http-outgoing-1 >> Host: reqres.in
22:37:18.627 [Test worker] DEBUG org.apache.http.headers - http-outgoing-1 >> Connection: Keep-Alive
22:37:18.627 [Test worker] DEBUG org.apache.http.headers - http-outgoing-1 >> User-Agent: Apache-HttpClient/4.5.12 (Java/11.0.11)
22:37:18.627 [Test worker] DEBUG org.apache.http.headers - http-outgoing-1 >> Accept-Encoding: gzip,deflate
22:37:18.627 [Test worker] DEBUG org.apache.http.wire - http-outgoing-1 >> "DELETE /api/users/2 HTTP/1.1[\r][\n]"
22:37:18.627 [Test worker] DEBUG org.apache.http.wire - http-outgoing-1 >> "Host: reqres.in[\r][\n]"
22:37:18.627 [Test worker] DEBUG org.apache.http.wire - http-outgoing-1 >> "Connection: Keep-Alive[\r][\n]"
22:37:18.627 [Test worker] DEBUG org.apache.http.wire - http-outgoing-1 >> "User-Agent: Apache-HttpClient/4.5.12 (Java/11.0.11)[\r][\n]"
22:37:18.627 [Test worker] DEBUG org.apache.http.wire - http-outgoing-1 >> "Accept-Encoding: gzip,deflate[\r][\n]"
22:37:18.627 [Test worker] DEBUG org.apache.http.wire - http-outgoing-1 >> "[\r][\n]"
22:37:19.152 [Test worker] DEBUG org.apache.http.wire - http-outgoing-1 << "HTTP/1.1 204 No Content[\r][\n]"
22:37:19.153 [Test worker] DEBUG org.apache.http.wire - http-outgoing-1 << "Date: Tue, 12 Apr 2022 03:37:21 GMT[\r][\n]"
22:37:19.153 [Test worker] DEBUG org.apache.http.wire - http-outgoing-1 << "Content-Length: 0[\r][\n]"
22:37:19.153 [Test worker] DEBUG org.apache.http.wire - http-outgoing-1 << "Connection: keep-alive[\r][\n]"
22:37:19.153 [Test worker] DEBUG org.apache.http.wire - http-outgoing-1 << "X-Powered-By: Express[\r][\n]"
22:37:19.153 [Test worker] DEBUG org.apache.http.wire - http-outgoing-1 << "Access-Control-Allow-Origin: *[\r][\n]"
22:37:19.153 [Test worker] DEBUG org.apache.http.wire - http-outgoing-1 << "Etag: W/"2-vyGp6PvFo4RvsFtPoIWeCReyIC8"[\r][\n]"
22:37:19.153 [Test worker] DEBUG org.apache.http.wire - http-outgoing-1 << "Via: 1.1 vegur[\r][\n]"
22:37:19.153 [Test worker] DEBUG org.apache.http.wire - http-outgoing-1 << "CF-Cache-Status: DYNAMIC[\r][\n]"
22:37:19.153 [Test worker] DEBUG org.apache.http.wire - http-outgoing-1 << "Expect-CT: max-age=604800, report-uri="https://report-uri.cloudflare.com/cdn-cgi/beacon/expect-ct"[\r][\n]"
22:37:19.153 [Test worker] DEBUG org.apache.http.wire - http-outgoing-1 << "Report-To: {"endpoints":[{"url":"https:\/\/a.nel.cloudflare.com\/report\/v3?s=axt3fS7JZYFIpjjvLkHCkzHpy7XU%2F0yeXyb8hzzy%2BIlr5q1E3NycadeYyQHNV0GEwknHKjyU02FCAimLu%2BgGU%2FIk%2FVUlhSbj4bcsxX4kOzc%2Bm5py1%2FUpVxX9pqA%3D"}],"group":"cf-nel","max_age":604800}[\r][\n]"
22:37:19.153 [Test worker] DEBUG org.apache.http.wire - http-outgoing-1 << "NEL: {"success_fraction":0,"report_to":"cf-nel","max_age":604800}[\r][\n]"
22:37:19.153 [Test worker] DEBUG org.apache.http.wire - http-outgoing-1 << "Server: cloudflare[\r][\n]"
22:37:19.154 [Test worker] DEBUG org.apache.http.wire - http-outgoing-1 << "CF-RAY: 6fa8ec423d09f887-MDE[\r][\n]"
22:37:19.154 [Test worker] DEBUG org.apache.http.wire - http-outgoing-1 << "alt-svc: h3=":443"; ma=86400, h3-29=":443"; ma=86400[\r][\n]"
22:37:19.154 [Test worker] DEBUG org.apache.http.wire - http-outgoing-1 << "[\r][\n]"
22:37:19.154 [Test worker] DEBUG org.apache.http.headers - http-outgoing-1 << HTTP/1.1 204 No Content
22:37:19.154 [Test worker] DEBUG org.apache.http.headers - http-outgoing-1 << Date: Tue, 12 Apr 2022 03:37:21 GMT
22:37:19.154 [Test worker] DEBUG org.apache.http.headers - http-outgoing-1 << Content-Length: 0
22:37:19.154 [Test worker] DEBUG org.apache.http.headers - http-outgoing-1 << Connection: keep-alive
22:37:19.154 [Test worker] DEBUG org.apache.http.headers - http-outgoing-1 << X-Powered-By: Express
22:37:19.154 [Test worker] DEBUG org.apache.http.headers - http-outgoing-1 << Access-Control-Allow-Origin: *
22:37:19.154 [Test worker] DEBUG org.apache.http.headers - http-outgoing-1 << Etag: W/"2-vyGp6PvFo4RvsFtPoIWeCReyIC8"
22:37:19.154 [Test worker] DEBUG org.apache.http.headers - http-outgoing-1 << Via: 1.1 vegur
22:37:19.154 [Test worker] DEBUG org.apache.http.headers - http-outgoing-1 << CF-Cache-Status: DYNAMIC
22:37:19.154 [Test worker] DEBUG org.apache.http.headers - http-outgoing-1 << Expect-CT: max-age=604800, report-uri="https://report-uri.cloudflare.com/cdn-cgi/beacon/expect-ct"
22:37:19.154 [Test worker] DEBUG org.apache.http.headers - http-outgoing-1 << Report-To: {"endpoints":[{"url":"https:\/\/a.nel.cloudflare.com\/report\/v3?s=axt3fS7JZYFIpjjvLkHCkzHpy7XU%2F0yeXyb8hzzy%2BIlr5q1E3NycadeYyQHNV0GEwknHKjyU02FCAimLu%2BgGU%2FIk%2FVUlhSbj4bcsxX4kOzc%2Bm5py1%2FUpVxX9pqA%3D"}],"group":"cf-nel","max_age":604800}
22:37:19.154 [Test worker] DEBUG org.apache.http.headers - http-outgoing-1 << NEL: {"success_fraction":0,"report_to":"cf-nel","max_age":604800}
22:37:19.154 [Test worker] DEBUG org.apache.http.headers - http-outgoing-1 << Server: cloudflare
22:37:19.155 [Test worker] DEBUG org.apache.http.headers - http-outgoing-1 << CF-RAY: 6fa8ec423d09f887-MDE
22:37:19.155 [Test worker] DEBUG org.apache.http.headers - http-outgoing-1 << alt-svc: h3=":443"; ma=86400, h3-29=":443"; ma=86400
22:37:19.155 [Test worker] DEBUG org.apache.http.impl.execchain.MainClientExec - Connection can be kept alive indefinitely
22:37:19.155 [Test worker] DEBUG org.apache.http.impl.conn.PoolingHttpClientConnectionManager - Connection [id: 1][route: {s}->https://reqres.in:443] can be kept alive indefinitely
22:37:19.155 [Test worker] DEBUG org.apache.http.impl.conn.DefaultManagedHttpClientConnection - http-outgoing-1: set socket timeout to 0
22:37:19.155 [Test worker] DEBUG org.apache.http.impl.conn.PoolingHttpClientConnectionManager - Connection released: [id: 1][route: {s}->https://reqres.in:443][total available: 1; route allocated: 1 of 5; total allocated: 1 of 10]
22:37:19.156 [Test worker] DEBUG com.intuit.karate - response time in milliseconds: 592,21
1 < 204
1 < Access-Control-Allow-Origin: *
1 < CF-Cache-Status: DYNAMIC
1 < CF-RAY: 6fa8ec423d09f887-MDE
1 < Connection: keep-alive
1 < Content-Length: 0
1 < Date: Tue, 12 Apr 2022 03:37:21 GMT
1 < Etag: W/"2-vyGp6PvFo4RvsFtPoIWeCReyIC8"
1 < Expect-CT: max-age=604800, report-uri="https://report-uri.cloudflare.com/cdn-cgi/beacon/expect-ct"
1 < NEL: {"success_fraction":0,"report_to":"cf-nel","max_age":604800}
1 < Report-To: {"endpoints":[{"url":"https:\/\/a.nel.cloudflare.com\/report\/v3?s=axt3fS7JZYFIpjjvLkHCkzHpy7XU%2F0yeXyb8hzzy%2BIlr5q1E3NycadeYyQHNV0GEwknHKjyU02FCAimLu%2BgGU%2FIk%2FVUlhSbj4bcsxX4kOzc%2Bm5py1%2FUpVxX9pqA%3D"}],"group":"cf-nel","max_age":604800}
1 < Server: cloudflare
1 < Via: 1.1 vegur
1 < X-Powered-By: Express
1 < alt-svc: h3=":443"; ma=86400, h3-29=":443"; ma=86400

22:37:19.157 [Test worker] INFO com.intuit.karate - [print] 
---------------------------------------------------------
feature: classpath:methodtest/delete/Delete.feature
scenarios:  1 | passed:  1 | failed:  0 | time: 0,6009
---------------------------------------------------------
]]></system-out>
  <system-err><![CDATA[]]></system-err>
</testsuite>
